DEBUG:root:002016.SZ
DEBUG:root:002118.SZ
DEBUG:root:002203.SZ
DEBUG:root:002016.SZ
DEBUG:root:002118.SZ
DEBUG:root:002203.SZ
DEBUG:root:002353.SZ
DEBUG:root:002488.SZ
DEBUG:root:300199.SZ
DEBUG:root:600188.SH
DEBUG:root:600580.SH
DEBUG:root:600740.SH
DEBUG:root:{'002016.SZ': [17.44814763675858, 16.751852363241422], '002118.SZ': [9.816181901376732, 9.46381809862327], '002203.SZ': [9.440547296772298, 9.159452703227704], '002353.SZ': [17.667756494574505, 17.032243505425498], '002488.SZ': [16.80419548462683, 16.29580451537317], '300199.SZ': [17.10212550199077, 16.597874498009233], '600188.SH': [15.580315887409435, 15.079684112590565], '600580.SH': [9.425148993190355, 9.134851006809644], '600740.SH': [12.329849029943018, 11.850150970056982]}
DEBUG:root:DONE daily before trading process
DEBUG:root:002016.SZ
DEBUG:root:002118.SZ
DEBUG:root:002203.SZ
DEBUG:root:002353.SZ
DEBUG:root:002488.SZ
DEBUG:root:300199.SZ
DEBUG:root:600188.SH
DEBUG:root:600580.SH
DEBUG:root:600740.SH
DEBUG:root:{'002016.SZ': [17.44814763675858, 16.751852363241422], '002118.SZ': [9.816181901376732, 9.46381809862327], '002203.SZ': [9.440547296772298, 9.159452703227704], '002353.SZ': [17.667756494574505, 17.032243505425498], '002488.SZ': [16.80419548462683, 16.29580451537317], '300199.SZ': [17.10212550199077, 16.597874498009233], '600188.SH': [15.580315887409435, 15.079684112590565], '600580.SH': [9.425148993190355, 9.134851006809644], '600740.SH': [12.329849029943018, 11.850150970056982]}
DEBUG:root:DONE daily before trading process
DEBUG:root:002016.SZ
DEBUG:root:002118.SZ
DEBUG:root:002203.SZ
DEBUG:root:002353.SZ
DEBUG:root:002488.SZ
DEBUG:root:300199.SZ
DEBUG:root:600188.SH
DEBUG:root:600580.SH
DEBUG:root:600740.SH
DEBUG:root:{'002016.SZ': [17.44814763675858, 16.751852363241422], '002118.SZ': [9.816181901376732, 9.46381809862327], '002203.SZ': [9.440547296772298, 9.159452703227704], '002353.SZ': [17.667756494574505, 17.032243505425498], '002488.SZ': [16.80419548462683, 16.29580451537317], '300199.SZ': [17.10212550199077, 16.597874498009233], '600188.SH': [15.580315887409435, 15.079684112590565], '600580.SH': [9.425148993190355, 9.134851006809644], '600740.SH': [12.329849029943018, 11.850150970056982]}
DEBUG:root:DONE daily before trading process
DEBUG:root:002016.SZ
DEBUG:root:002118.SZ
DEBUG:root:002203.SZ
DEBUG:root:002353.SZ
DEBUG:root:002488.SZ
DEBUG:root:300199.SZ
DEBUG:root:600188.SH
DEBUG:root:600580.SH
DEBUG:root:600740.SH
DEBUG:root:{'002016.SZ': [17.44814763675858, 16.751852363241422], '002118.SZ': [9.816181901376732, 9.46381809862327], '002203.SZ': [9.440547296772298, 9.159452703227704], '002353.SZ': [17.667756494574505, 17.032243505425498], '002488.SZ': [16.80419548462683, 16.29580451537317], '300199.SZ': [17.10212550199077, 16.597874498009233], '600188.SH': [15.580315887409435, 15.079684112590565], '600580.SH': [9.425148993190355, 9.134851006809644], '600740.SH': [12.329849029943018, 11.850150970056982]}
DEBUG:root:DONE daily before trading process
DEBUG:root:DONE this minute
DEBUG:root:DONE this minute
DEBUG:root:DONE this minute
DEBUG:root:DONE this minute
DEBUG:root:DONE this minute
DEBUG:root:DONE this minute
DEBUG:root:DONE this minute
DEBUG:root:DONE this minute
DEBUG:root:DONE this minute
DEBUG:root:DONE this minute
DEBUG:root:DONE this minute
DEBUG:root:DONE this minute
DEBUG:root:DONE this minute
DEBUG:root:DONE this minute
DEBUG:root:DONE this minute
DEBUG:root:DONE this minute
DEBUG:root:DONE this minute
DEBUG:root:DONE this minute
DEBUG:root:DONE this minute
DEBUG:root:DONE this minute
DEBUG:root:DONE this minute
DEBUG:root:DONE this minute
DEBUG:root:DONE this minute
DEBUG:root:DONE this minute
DEBUG:root:DONE this minute
DEBUG:root:DONE this minute
DEBUG:root:DONE this minute
DEBUG:root:DONE this minute
DEBUG:root:DONE this minute
DEBUG:root:DONE this minute
DEBUG:root:DONE this minute
DEBUG:root:DONE this minute
DEBUG:root:DONE this minute
DEBUG:root:DONE this minute
DEBUG:root:DONE this minute
DEBUG:root:DONE this minute
DEBUG:root:DONE this minute
DEBUG:root:DONE this minute
DEBUG:root:DONE this minute
DEBUG:root:DONE this minute
DEBUG:root:DONE this minute
DEBUG:root:DONE this minute
DEBUG:root:DONE this minute
DEBUG:root:DONE this minute
DEBUG:root:DONE this minute
DEBUG:root:DONE this minute
DEBUG:root:DONE this minute
DEBUG:root:DONE this minute
DEBUG:root:DONE this minute
DEBUG:root:DONE this minute
DEBUG:root:DONE this minute
DEBUG:root:DONE this minute
DEBUG:root:DONE this minute
DEBUG:root:DONE this minute
DEBUG:root:DONE this minute
DEBUG:root:DONE this minute
DEBUG:root:DONE this minute
DEBUG:root:DONE this minute
DEBUG:root:DONE this minute
DEBUG:root:DONE this minute
DEBUG:root:DONE this minute
DEBUG:root:DONE this minute
DEBUG:root:DONE this minute
DEBUG:root:DONE this minute
DEBUG:root:DONE this minute
DEBUG:root:DONE this minute
DEBUG:root:DONE this minute
DEBUG:root:DONE this minute
DEBUG:root:DONE this minute
DEBUG:root:DONE this minute
DEBUG:root:DONE this minute
DEBUG:root:DONE this minute
DEBUG:root:DONE this minute
DEBUG:root:DONE this minute
DEBUG:root:DONE this minute
DEBUG:root:DONE this minute
DEBUG:root:DONE this minute
DEBUG:root:DONE this minute
DEBUG:root:DONE this minute
DEBUG:root:DONE this minute
DEBUG:root:DONE this minute
DEBUG:root:DONE this minute
DEBUG:root:DONE this minute
DEBUG:root:DONE this minute
DEBUG:root:DONE this minute
DEBUG:root:DONE this minute
DEBUG:root:DONE this minute
DEBUG:root:DONE this minute
DEBUG:root:DONE this minute
DEBUG:root:DONE this minute
DEBUG:root:DONE this minute
DEBUG:root:DONE this minute
DEBUG:root:DONE this minute
DEBUG:root:DONE this minute
DEBUG:root:DONE this minute
DEBUG:root:DONE this minute
DEBUG:root:DONE this minute
DEBUG:root:DONE this minute
DEBUG:root:DONE this minute
DEBUG:root:DONE this minute
DEBUG:root:DONE this minute
DEBUG:root:DONE this minute
DEBUG:root:DONE this minute
DEBUG:root:DONE this minute
DEBUG:root:DONE this minute
DEBUG:root:DONE this minute
DEBUG:root:DONE this minute
DEBUG:root:DONE this minute
DEBUG:root:DONE this minute
DEBUG:root:DONE this minute
DEBUG:root:DONE this minute
DEBUG:root:DONE this minute
DEBUG:root:DONE this minute
DEBUG:root:DONE this minute
DEBUG:root:DONE this minute
DEBUG:root:DONE this minute
DEBUG:root:DONE this minute
DEBUG:root:DONE this minute
DEBUG:root:DONE this minute
DEBUG:root:DONE this minute
DEBUG:root:DONE this minute
DEBUG:root:DONE this minute
DEBUG:root:DONE this minute
DEBUG:root:DONE this minute
DEBUG:root:DONE this minute
DEBUG:root:DONE this minute
DEBUG:root:DONE this minute
DEBUG:root:DONE this minute
DEBUG:root:DONE this minute
DEBUG:root:DONE this minute
DEBUG:root:DONE this minute
DEBUG:root:DONE this minute
DEBUG:root:DONE this minute
DEBUG:root:DONE this minute
DEBUG:root:DONE this minute
DEBUG:root:DONE this minute
DEBUG:root:DONE this minute
DEBUG:root:DONE this minute
DEBUG:root:DONE this minute
DEBUG:root:DONE this minute
DEBUG:root:DONE this minute
DEBUG:root:DONE this minute
DEBUG:root:DONE this minute
DEBUG:root:DONE this minute
DEBUG:root:DONE this minute
DEBUG:root:DONE this minute
DEBUG:root:DONE this minute
DEBUG:root:DONE this minute
DEBUG:root:DONE this minute
DEBUG:root:DONE this minute
DEBUG:root:DONE this minute
DEBUG:root:DONE this minute
DEBUG:root:DONE this minute
DEBUG:root:DONE this minute
DEBUG:root:DONE this minute
DEBUG:root:DONE this minute
DEBUG:root:DONE this minute
DEBUG:root:DONE this minute
DEBUG:root:DONE this minute
DEBUG:root:DONE this minute
DEBUG:root:DONE this minute
DEBUG:root:DONE this minute
DEBUG:root:DONE this minute
DEBUG:root:DONE this minute
DEBUG:root:DONE this minute
DEBUG:root:DONE this minute
DEBUG:root:DONE this minute
DEBUG:root:DONE this minute
DEBUG:root:DONE this minute
DEBUG:root:DONE this minute
DEBUG:root:DONE this minute
DEBUG:root:DONE this minute
DEBUG:root:DONE this minute
DEBUG:root:DONE this minute
DEBUG:root:DONE this minute
DEBUG:root:DONE this minute
DEBUG:root:DONE this minute
DEBUG:root:DONE this minute
DEBUG:root:DONE this minute
DEBUG:root:DONE this minute
DEBUG:root:DONE this minute
DEBUG:root:DONE this minute
DEBUG:root:DONE this minute
DEBUG:root:DONE this minute
DEBUG:root:DONE this minute
DEBUG:root:DONE this minute
DEBUG:root:DONE this minute
DEBUG:root:DONE this minute
DEBUG:root:DONE this minute
DEBUG:root:DONE this minute
DEBUG:root:DONE this minute
DEBUG:root:DONE this minute
DEBUG:root:DONE this minute
DEBUG:root:DONE this minute
DEBUG:root:DONE this minute
DEBUG:root:DONE this minute
DEBUG:root:DONE this minute
DEBUG:root:DONE this minute
DEBUG:root:DONE this minute
DEBUG:root:DONE this minute
DEBUG:root:DONE this minute
DEBUG:root:DONE this minute
DEBUG:root:DONE this minute
DEBUG:root:DONE this minute
DEBUG:root:DONE this minute
DEBUG:root:DONE this minute
DEBUG:root:DONE this minute
DEBUG:root:DONE this minute
DEBUG:root:DONE this minute
DEBUG:root:DONE this minute
DEBUG:root:DONE this minute
DEBUG:root:DONE this minute
DEBUG:root:DONE this minute
DEBUG:root:DONE this minute
DEBUG:root:DONE this minute
DEBUG:root:DONE this minute
DEBUG:root:DONE this minute
DEBUG:root:DONE this minute
DEBUG:root:DONE this minute
DEBUG:root:DONE this minute
DEBUG:root:DONE this minute
DEBUG:root:DONE this minute
DEBUG:root:DONE this minute
DEBUG:root:DONE this minute
DEBUG:root:DONE this minute
DEBUG:root:DONE this minute
DEBUG:root:DONE this minute
DEBUG:root:DONE this minute
DEBUG:root:DONE this minute
DEBUG:root:DONE this minute
DEBUG:root:DONE this minute
DEBUG:root:DONE this minute
DEBUG:root:DONE this minute
DEBUG:root:DONE this minute
DEBUG:root:DONE this minute
DEBUG:root:DONE this minute
DEBUG:root:DONE this minute
DEBUG:root:DONE this minute
DEBUG:root:DONE this minute
DEBUG:root:DONE this minute
DEBUG:root:DONE this minute
DEBUG:root:DONE this minute
DEBUG:root:DONE this minute
DEBUG:root:DONE this minute
DEBUG:root:DONE this minute
DEBUG:root:DONE this minute
DEBUG:root:DONE this minute
DEBUG:root:DONE this minute
DEBUG:root:DONE this minute
DEBUG:root:DONE this minute
DEBUG:root:DONE this minute
DEBUG:root:DONE this minute
DEBUG:root:DONE this minute
DEBUG:root:DONE this minute
DEBUG:root:DONE this minute
DEBUG:root:DONE this minute
DEBUG:root:DONE this minute
DEBUG:root:DONE this minute
DEBUG:root:DONE this minute
DEBUG:root:DONE this minute
DEBUG:root:DONE this minute
DEBUG:root:DONE this minute
DEBUG:root:DONE this minute
DEBUG:root:DONE this minute
DEBUG:root:DONE this minute
DEBUG:root:DONE this minute
DEBUG:root:DONE this minute
DEBUG:root:DONE this minute
DEBUG:root:DONE this minute
DEBUG:root:DONE this minute
DEBUG:root:DONE this minute
DEBUG:root:DONE this minute
DEBUG:root:DONE this minute
DEBUG:root:DONE this minute
DEBUG:root:DONE this minute
DEBUG:root:DONE this minute
DEBUG:root:DONE this minute
DEBUG:root:DONE this minute
DEBUG:root:DONE this minute
DEBUG:root:DONE this minute
DEBUG:root:DONE this minute
DEBUG:root:DONE this minute
DEBUG:root:DONE this minute
DEBUG:root:DONE this minute
DEBUG:root:DONE this minute
DEBUG:root:DONE this minute
DEBUG:root:DONE this minute
DEBUG:root:DONE this minute
DEBUG:root:DONE this minute
DEBUG:root:DONE this minute
DEBUG:root:DONE this minute
DEBUG:root:DONE this minute
DEBUG:root:DONE this minute
DEBUG:root:DONE this minute
DEBUG:root:DONE this minute
DEBUG:root:DONE this minute
DEBUG:root:DONE this minute
DEBUG:root:DONE this minute
DEBUG:root:DONE this minute
DEBUG:root:DONE this minute
DEBUG:root:DONE this minute
DEBUG:root:DONE this minute
DEBUG:root:DONE this minute
DEBUG:root:DONE this minute
DEBUG:root:DONE this minute
DEBUG:root:DONE this minute
DEBUG:root:DONE this minute
DEBUG:root:DONE this minute
DEBUG:root:DONE this minute
DEBUG:root:DONE this minute
DEBUG:root:DONE this minute
DEBUG:root:DONE this minute
DEBUG:root:DONE this minute
DEBUG:root:DONE this minute
DEBUG:root:DONE this minute
DEBUG:root:DONE this minute
DEBUG:root:DONE this minute
DEBUG:root:DONE this minute
DEBUG:root:DONE this minute
DEBUG:root:DONE this minute
DEBUG:root:DONE this minute
DEBUG:root:DONE this minute
DEBUG:root:DONE this minute
DEBUG:root:DONE this minute
DEBUG:root:DONE this minute
DEBUG:root:DONE this minute
DEBUG:root:DONE this minute
DEBUG:root:DONE this minute
DEBUG:root:DONE this minute
DEBUG:root:DONE this minute
DEBUG:root:DONE this minute
DEBUG:root:DONE this minute
DEBUG:root:today is : 2018-05-15
DEBUG:root:previous trading day is : 2018-05-14
DEBUG:root:002016.SZ
DEBUG:root:002118.SZ
DEBUG:root:002203.SZ
DEBUG:root:002353.SZ
DEBUG:root:002488.SZ
DEBUG:root:300199.SZ
DEBUG:root:600188.SH
DEBUG:root:600580.SH
DEBUG:root:600740.SH
DEBUG:root:{'002016.SZ': [16.689938877151025, 15.990061122848974], '002118.SZ': [10.22911796957944, 9.870882030420562], '002203.SZ': [9.450536861498515, 9.169463138501486], '002353.SZ': [17.272371951322427, 16.647628048677575], '002488.SZ': [16.574395030956826, 16.065604969043175], '300199.SZ': [17.051038610285982, 16.54896138971402], '600188.SH': [15.430806938530923, 14.929193061469077], '600580.SH': [9.285259175303418, 8.994740824696583], '600740.SH': [12.469044480120505, 11.990955519879495]}
DEBUG:root:DONE daily before trading process
DEBUG:root:START this minute 09-30
DEBUG:root:DONE this minute
DEBUG:root:START this minute 09-32
DEBUG:root:DONE this minute
DEBUG:root:START this minute 09-33
DEBUG:root:600740.SHt
DEBUG:root:should sell 14200, sell type: sell2
DEBUG:root:update 2
DEBUG:root:{'600740.SH': [(1.7976931348623157e+308, 12.564582240060252), (12.564582240060252, 12.44506), (12.44506, 12.325537759939747), (12.325537759939747, 12.086493279819242), (12.086493279819242, 11.96697103975899), (11.96697103975899, 11.847448799698737), (11.847448799698737, 2.2250738585072014e-308)]}
DEBUG:root:{'600740.SH': [(1.7976931348623157e+308, 12.564582240060252), (12.564582240060252, 12.44506), (12.44506, 12.325537759939747), (12.325537759939747, 11.96697103975899), (11.96697103975899, 2.2250738585072014e-308)]}
DEBUG:root:{'600740.SH': [(1.7976931348623157e+308, 12.44506), (12.44506, 12.086493279819242), (12.086493279819242, 11.96697103975899), (11.96697103975899, 11.847448799698737), (11.847448799698737, 2.2250738585072014e-308)]}
DEBUG:root:DONE this minute
DEBUG:root:START this minute 09-33
DEBUG:root:DONE this minute
DEBUG:root:START this minute 09-34
DEBUG:root:DONE this minute
DEBUG:root:START this minute 09-35
DEBUG:root:DONE this minute
DEBUG:root:START this minute 09-35
DEBUG:root:DONE this minute
DEBUG:root:START this minute 09-36
DEBUG:root:DONE this minute
DEBUG:root:START this minute 09-37
DEBUG:root:DONE this minute
DEBUG:root:START this minute 09-37
DEBUG:root:DONE this minute
DEBUG:root:START this minute 09-38
DEBUG:root:600740.SHm
DEBUG:root:buy3
DEBUG:root:DONE this minute
DEBUG:root:START this minute 09-39
DEBUG:root:DONE this minute
DEBUG:root:START this minute 09-39
DEBUG:root:DONE this minute
DEBUG:root:START this minute 09-40
DEBUG:root:DONE this minute
DEBUG:root:START this minute 09-41
DEBUG:root:DONE this minute
DEBUG:root:START this minute 09-41
DEBUG:root:DONE this minute
DEBUG:root:START this minute 09-42
DEBUG:root:DONE this minute
DEBUG:root:START this minute 09-43
DEBUG:root:DONE this minute
DEBUG:root:START this minute 09-43
DEBUG:root:DONE this minute
DEBUG:root:START this minute 09-44
DEBUG:root:DONE this minute
DEBUG:root:START this minute 09-45
DEBUG:root:DONE this minute
DEBUG:root:START this minute 09-45
DEBUG:root:DONE this minute
DEBUG:root:START this minute 09-46
DEBUG:root:DONE this minute
DEBUG:root:START this minute 09-47
DEBUG:root:DONE this minute
DEBUG:root:START this minute 09-47
DEBUG:root:DONE this minute
DEBUG:root:START this minute 09-48
DEBUG:root:DONE this minute
DEBUG:root:START this minute 09-49
DEBUG:root:DONE this minute
DEBUG:root:START this minute 09-49
DEBUG:root:DONE this minute
DEBUG:root:START this minute 09-50
DEBUG:root:DONE this minute
DEBUG:root:START this minute 09-51
DEBUG:root:DONE this minute
DEBUG:root:START this minute 09-52
DEBUG:root:DONE this minute
DEBUG:root:START this minute 09-52
DEBUG:root:DONE this minute
DEBUG:root:START this minute 09-53
DEBUG:root:DONE this minute
DEBUG:root:START this minute 09-54
DEBUG:root:DONE this minute
DEBUG:root:START this minute 09-55
DEBUG:root:DONE this minute
DEBUG:root:START this minute 09-55
DEBUG:root:DONE this minute
DEBUG:root:START this minute 09-56
DEBUG:root:DONE this minute
DEBUG:root:START this minute 09-57
DEBUG:root:DONE this minute
DEBUG:root:START this minute 09-57
DEBUG:root:DONE this minute
DEBUG:root:START this minute 09-58
DEBUG:root:DONE this minute
DEBUG:root:START this minute 09-59
DEBUG:root:DONE this minute
DEBUG:root:START this minute 09-59
DEBUG:root:DONE this minute
DEBUG:root:START this minute 10-00
DEBUG:root:DONE this minute
DEBUG:root:START this minute 10-01
DEBUG:root:DONE this minute
DEBUG:root:START this minute 10-02
DEBUG:root:DONE this minute
DEBUG:root:START this minute 10-02
DEBUG:root:DONE this minute
DEBUG:root:START this minute 10-03
DEBUG:root:DONE this minute
DEBUG:root:START this minute 10-04
DEBUG:root:DONE this minute
DEBUG:root:START this minute 10-04
DEBUG:root:DONE this minute
DEBUG:root:START this minute 10-05
DEBUG:root:DONE this minute
DEBUG:root:START this minute 10-06
DEBUG:root:DONE this minute
DEBUG:root:START this minute 10-06
DEBUG:root:DONE this minute
DEBUG:root:START this minute 10-07
DEBUG:root:DONE this minute
DEBUG:root:START this minute 10-08
DEBUG:root:DONE this minute
DEBUG:root:START this minute 10-08
DEBUG:root:DONE this minute
DEBUG:root:START this minute 10-09
DEBUG:root:DONE this minute
DEBUG:root:START this minute 10-10
DEBUG:root:DONE this minute
DEBUG:root:START this minute 10-10
DEBUG:root:DONE this minute
DEBUG:root:START this minute 10-11
DEBUG:root:DONE this minute
DEBUG:root:START this minute 10-12
DEBUG:root:DONE this minute
DEBUG:root:START this minute 10-12
DEBUG:root:DONE this minute
DEBUG:root:START this minute 10-13
DEBUG:root:DONE this minute
DEBUG:root:START this minute 10-14
DEBUG:root:DONE this minute
DEBUG:root:START this minute 10-14
DEBUG:root:DONE this minute
DEBUG:root:START this minute 10-15
DEBUG:root:DONE this minute
DEBUG:root:START this minute 10-16
DEBUG:root:002016.SZt
DEBUG:root:should sell 10100, sell type: sell2
DEBUG:root:update 2
DEBUG:root:{'600740.SH': [(1.7976931348623157e+308, 12.564582240060252), (12.564582240060252, 12.44506), (12.44506, 12.325537759939747), (12.325537759939747, 12.086493279819242), (12.086493279819242, 11.96697103975899), (11.96697103975899, 11.847448799698737), (11.847448799698737, 2.2250738585072014e-308)], '002016.SZ': [(1.7976931348623157e+308, 16.87150943857551), (16.87150943857551, 16.69654), (16.69654, 16.521570561424486), (16.521570561424486, 16.17163168427346), (16.17163168427346, 15.996662245697946), (15.996662245697946, 15.821692807122433), (15.821692807122433, 2.2250738585072014e-308)]}
DEBUG:root:{'600740.SH': [(1.7976931348623157e+308, 12.564582240060252), (12.564582240060252, 12.44506), (12.44506, 12.325537759939747), (12.325537759939747, 11.96697103975899), (11.96697103975899, 2.2250738585072014e-308)], '002016.SZ': [(1.7976931348623157e+308, 16.87150943857551), (16.87150943857551, 16.69654), (16.69654, 16.521570561424486), (16.521570561424486, 15.996662245697946), (15.996662245697946, 2.2250738585072014e-308)]}
DEBUG:root:{'600740.SH': [(1.7976931348623157e+308, 12.44506), (12.44506, 12.086493279819242), (12.086493279819242, 11.96697103975899), (11.96697103975899, 11.847448799698737), (11.847448799698737, 2.2250738585072014e-308)], '002016.SZ': [(1.7976931348623157e+308, 16.69654), (16.69654, 16.17163168427346), (16.17163168427346, 15.996662245697946), (15.996662245697946, 15.821692807122433), (15.821692807122433, 2.2250738585072014e-308)]}
DEBUG:root:DONE this minute
DEBUG:root:START this minute 10-16
DEBUG:root:600188.SHu
DEBUG:root:buy5
DEBUG:root:update 3
DEBUG:root:{'600740.SH': [(1.7976931348623157e+308, 12.564582240060252), (12.564582240060252, 12.44506), (12.44506, 12.325537759939747), (12.325537759939747, 12.086493279819242), (12.086493279819242, 11.96697103975899), (11.96697103975899, 11.847448799698737), (11.847448799698737, 2.2250738585072014e-308)], '002016.SZ': [(1.7976931348623157e+308, 16.87150943857551), (16.87150943857551, 16.69654), (16.69654, 16.521570561424486), (16.521570561424486, 16.17163168427346), (16.17163168427346, 15.996662245697946), (15.996662245697946, 15.821692807122433), (15.821692807122433, 2.2250738585072014e-308)], '600188.SH': [(1.7976931348623157e+308, 15.566837346327308), (15.566837346327308, 15.441433877061847), (15.441433877061847, 15.316030407796385), (15.316030407796385, 15.065223469265462), (15.065223469265462, 14.939820000000001), (14.939820000000001, 14.81441653073454), (14.81441653073454, 2.2250738585072014e-308)]}
DEBUG:root:{'600740.SH': [(1.7976931348623157e+308, 12.564582240060252), (12.564582240060252, 12.44506), (12.44506, 12.325537759939747), (12.325537759939747, 11.96697103975899), (11.96697103975899, 2.2250738585072014e-308)], '002016.SZ': [(1.7976931348623157e+308, 16.87150943857551), (16.87150943857551, 16.69654), (16.69654, 16.521570561424486), (16.521570561424486, 15.996662245697946), (15.996662245697946, 2.2250738585072014e-308)], '600188.SH': [(1.7976931348623157e+308, 15.566837346327308), (15.566837346327308, 15.441433877061847), (15.441433877061847, 15.316030407796385), (15.316030407796385, 14.939820000000001), (14.939820000000001, 2.2250738585072014e-308)]}
DEBUG:root:{'600740.SH': [(1.7976931348623157e+308, 12.44506), (12.44506, 12.086493279819242), (12.086493279819242, 11.96697103975899), (11.96697103975899, 11.847448799698737), (11.847448799698737, 2.2250738585072014e-308)], '002016.SZ': [(1.7976931348623157e+308, 16.69654), (16.69654, 16.17163168427346), (16.17163168427346, 15.996662245697946), (15.996662245697946, 15.821692807122433), (15.821692807122433, 2.2250738585072014e-308)], '600188.SH': [(1.7976931348623157e+308, 15.441433877061847), (15.441433877061847, 15.065223469265462), (15.065223469265462, 14.939820000000001), (14.939820000000001, 14.81441653073454), (14.81441653073454, 2.2250738585072014e-308)]}
DEBUG:root:DONE this minute
DEBUG:root:START this minute 10-17
DEBUG:root:DONE this minute
DEBUG:root:START this minute 10-18
DEBUG:root:DONE this minute
DEBUG:root:START this minute 10-18
DEBUG:root:DONE this minute
DEBUG:root:START this minute 10-19
DEBUG:root:DONE this minute
DEBUG:root:START this minute 10-20
DEBUG:root:002118.SZu
DEBUG:root:buy5
DEBUG:root:update 3
DEBUG:root:{'600740.SH': [(1.7976931348623157e+308, 12.564582240060252), (12.564582240060252, 12.44506), (12.44506, 12.325537759939747), (12.325537759939747, 12.086493279819242), (12.086493279819242, 11.96697103975899), (11.96697103975899, 11.847448799698737), (11.847448799698737, 2.2250738585072014e-308)], '002016.SZ': [(1.7976931348623157e+308, 16.87150943857551), (16.87150943857551, 16.69654), (16.69654, 16.521570561424486), (16.521570561424486, 16.17163168427346), (16.17163168427346, 15.996662245697946), (15.996662245697946, 15.821692807122433), (15.821692807122433, 2.2250738585072014e-308)], '600188.SH': [(1.7976931348623157e+308, 15.566837346327308), (15.566837346327308, 15.441433877061847), (15.441433877061847, 15.316030407796385), (15.316030407796385, 15.065223469265462), (15.065223469265462, 14.939820000000001), (14.939820000000001, 14.81441653073454), (14.81441653073454, 2.2250738585072014e-308)], '002118.SZ': [(1.7976931348623157e+308, 10.297454923948596), (10.297454923948596, 10.207895939158877), (10.207895939158877, 10.118336954369157), (10.118336954369157, 9.939218984789719), (9.939218984789719, 9.84966), (9.84966, 9.760101015210282), (9.760101015210282, 2.2250738585072014e-308)]}
DEBUG:root:{'600740.SH': [(1.7976931348623157e+308, 12.564582240060252), (12.564582240060252, 12.44506), (12.44506, 12.325537759939747), (12.325537759939747, 11.96697103975899), (11.96697103975899, 2.2250738585072014e-308)], '002016.SZ': [(1.7976931348623157e+308, 16.87150943857551), (16.87150943857551, 16.69654), (16.69654, 16.521570561424486), (16.521570561424486, 15.996662245697946), (15.996662245697946, 2.2250738585072014e-308)], '600188.SH': [(1.7976931348623157e+308, 15.566837346327308), (15.566837346327308, 15.441433877061847), (15.441433877061847, 15.316030407796385), (15.316030407796385, 14.939820000000001), (14.939820000000001, 2.2250738585072014e-308)], '002118.SZ': [(1.7976931348623157e+308, 10.297454923948596), (10.297454923948596, 10.207895939158877), (10.207895939158877, 10.118336954369157), (10.118336954369157, 9.84966), (9.84966, 2.2250738585072014e-308)]}
DEBUG:root:{'600740.SH': [(1.7976931348623157e+308, 12.44506), (12.44506, 12.086493279819242), (12.086493279819242, 11.96697103975899), (11.96697103975899, 11.847448799698737), (11.847448799698737, 2.2250738585072014e-308)], '002016.SZ': [(1.7976931348623157e+308, 16.69654), (16.69654, 16.17163168427346), (16.17163168427346, 15.996662245697946), (15.996662245697946, 15.821692807122433), (15.821692807122433, 2.2250738585072014e-308)], '600188.SH': [(1.7976931348623157e+308, 15.441433877061847), (15.441433877061847, 15.065223469265462), (15.065223469265462, 14.939820000000001), (14.939820000000001, 14.81441653073454), (14.81441653073454, 2.2250738585072014e-308)], '002118.SZ': [(1.7976931348623157e+308, 10.207895939158877), (10.207895939158877, 9.939218984789719), (9.939218984789719, 9.84966), (9.84966, 9.760101015210282), (9.760101015210282, 2.2250738585072014e-308)]}
DEBUG:root:DONE this minute
DEBUG:root:START this minute 10-20
DEBUG:root:DONE this minute
DEBUG:root:START this minute 10-21
DEBUG:root:DONE this minute
DEBUG:root:START this minute 10-22
DEBUG:root:DONE this minute
DEBUG:root:START this minute 10-22
DEBUG:root:300199.SZt
DEBUG:root:should sell 10400, sell type: sell2
DEBUG:root:update 2
DEBUG:root:{'600740.SH': [(1.7976931348623157e+308, 12.564582240060252), (12.564582240060252, 12.44506), (12.44506, 12.325537759939747), (12.325537759939747, 12.086493279819242), (12.086493279819242, 11.96697103975899), (11.96697103975899, 11.847448799698737), (11.847448799698737, 2.2250738585072014e-308)], '002016.SZ': [(1.7976931348623157e+308, 16.87150943857551), (16.87150943857551, 16.69654), (16.69654, 16.521570561424486), (16.521570561424486, 16.17163168427346), (16.17163168427346, 15.996662245697946), (15.996662245697946, 15.821692807122433), (15.821692807122433, 2.2250738585072014e-308)], '600188.SH': [(1.7976931348623157e+308, 15.566837346327308), (15.566837346327308, 15.441433877061847), (15.441433877061847, 15.316030407796385), (15.316030407796385, 15.065223469265462), (15.065223469265462, 14.939820000000001), (14.939820000000001, 14.81441653073454), (14.81441653073454, 2.2250738585072014e-308)], '002118.SZ': [(1.7976931348623157e+308, 10.297454923948596), (10.297454923948596, 10.207895939158877), (10.207895939158877, 10.118336954369157), (10.118336954369157, 9.939218984789719), (9.939218984789719, 9.84966), (9.84966, 9.760101015210282), (9.760101015210282, 2.2250738585072014e-308)], '300199.SZ': [(1.7976931348623157e+308, 17.191319305142994), (17.191319305142994, 17.065800000000003), (17.065800000000003, 16.940280694857012), (16.940280694857012, 16.68924208457103), (16.68924208457103, 16.563722779428037), (16.563722779428037, 16.438203474285046), (16.438203474285046, 2.2250738585072014e-308)]}
DEBUG:root:{'600740.SH': [(1.7976931348623157e+308, 12.564582240060252), (12.564582240060252, 12.44506), (12.44506, 12.325537759939747), (12.325537759939747, 11.96697103975899), (11.96697103975899, 2.2250738585072014e-308)], '002016.SZ': [(1.7976931348623157e+308, 16.87150943857551), (16.87150943857551, 16.69654), (16.69654, 16.521570561424486), (16.521570561424486, 15.996662245697946), (15.996662245697946, 2.2250738585072014e-308)], '600188.SH': [(1.7976931348623157e+308, 15.566837346327308), (15.566837346327308, 15.441433877061847), (15.441433877061847, 15.316030407796385), (15.316030407796385, 14.939820000000001), (14.939820000000001, 2.2250738585072014e-308)], '002118.SZ': [(1.7976931348623157e+308, 10.297454923948596), (10.297454923948596, 10.207895939158877), (10.207895939158877, 10.118336954369157), (10.118336954369157, 9.84966), (9.84966, 2.2250738585072014e-308)], '300199.SZ': [(1.7976931348623157e+308, 17.191319305142994), (17.191319305142994, 17.065800000000003), (17.065800000000003, 16.940280694857012), (16.940280694857012, 16.563722779428037), (16.563722779428037, 2.2250738585072014e-308)]}
DEBUG:root:{'600740.SH': [(1.7976931348623157e+308, 12.44506), (12.44506, 12.086493279819242), (12.086493279819242, 11.96697103975899), (11.96697103975899, 11.847448799698737), (11.847448799698737, 2.2250738585072014e-308)], '002016.SZ': [(1.7976931348623157e+308, 16.69654), (16.69654, 16.17163168427346), (16.17163168427346, 15.996662245697946), (15.996662245697946, 15.821692807122433), (15.821692807122433, 2.2250738585072014e-308)], '600188.SH': [(1.7976931348623157e+308, 15.441433877061847), (15.441433877061847, 15.065223469265462), (15.065223469265462, 14.939820000000001), (14.939820000000001, 14.81441653073454), (14.81441653073454, 2.2250738585072014e-308)], '002118.SZ': [(1.7976931348623157e+308, 10.207895939158877), (10.207895939158877, 9.939218984789719), (9.939218984789719, 9.84966), (9.84966, 9.760101015210282), (9.760101015210282, 2.2250738585072014e-308)], '300199.SZ': [(1.7976931348623157e+308, 17.065800000000003), (17.065800000000003, 16.68924208457103), (16.68924208457103, 16.563722779428037), (16.563722779428037, 16.438203474285046), (16.438203474285046, 2.2250738585072014e-308)]}
DEBUG:root:DONE this minute
DEBUG:root:START this minute 10-23
DEBUG:root:DONE this minute
DEBUG:root:START this minute 10-24
DEBUG:root:DONE this minute
DEBUG:root:START this minute 10-25
DEBUG:root:DONE this minute
DEBUG:root:START this minute 10-25
DEBUG:root:DONE this minute
DEBUG:root:START this minute 10-26
DEBUG:root:DONE this minute
DEBUG:root:START this minute 10-27
DEBUG:root:DONE this minute
DEBUG:root:START this minute 10-27
DEBUG:root:DONE this minute
DEBUG:root:START this minute 10-28
DEBUG:root:DONE this minute
DEBUG:root:START this minute 10-29
DEBUG:root:DONE this minute
DEBUG:root:START this minute 10-29
DEBUG:root:DONE this minute
DEBUG:root:START this minute 10-30
DEBUG:root:DONE this minute
DEBUG:root:START this minute 10-31
DEBUG:root:DONE this minute
DEBUG:root:START this minute 10-31
DEBUG:root:DONE this minute
DEBUG:root:START this minute 10-32
DEBUG:root:DONE this minute
DEBUG:root:START this minute 10-33
DEBUG:root:DONE this minute
DEBUG:root:START this minute 10-33
DEBUG:root:DONE this minute
DEBUG:root:START this minute 10-34
DEBUG:root:DONE this minute
DEBUG:root:START this minute 10-34
DEBUG:root:DONE this minute
DEBUG:root:START this minute 10-35
DEBUG:root:DONE this minute
DEBUG:root:START this minute 10-36
DEBUG:root:DONE this minute
DEBUG:root:START this minute 10-36
DEBUG:root:DONE this minute
DEBUG:root:START this minute 10-37
DEBUG:root:DONE this minute
DEBUG:root:START this minute 10-38
DEBUG:root:DONE this minute
DEBUG:root:START this minute 10-38
DEBUG:root:DONE this minute
DEBUG:root:START this minute 10-39
DEBUG:root:DONE this minute
DEBUG:root:START this minute 10-40
DEBUG:root:DONE this minute
DEBUG:root:START this minute 10-41
DEBUG:root:DONE this minute
DEBUG:root:START this minute 10-41
DEBUG:root:DONE this minute
DEBUG:root:START this minute 10-42
DEBUG:root:DONE this minute
DEBUG:root:START this minute 10-43
DEBUG:root:DONE this minute
DEBUG:root:START this minute 10-43
DEBUG:root:DONE this minute
DEBUG:root:START this minute 10-44
DEBUG:root:DONE this minute
DEBUG:root:START this minute 10-44
DEBUG:root:DONE this minute
DEBUG:root:START this minute 10-45
DEBUG:root:DONE this minute
DEBUG:root:START this minute 10-46
DEBUG:root:DONE this minute
DEBUG:root:START this minute 10-46
DEBUG:root:DONE this minute
DEBUG:root:START this minute 10-47
DEBUG:root:DONE this minute
DEBUG:root:START this minute 10-48
DEBUG:root:DONE this minute
DEBUG:root:START this minute 10-48
DEBUG:root:DONE this minute
DEBUG:root:START this minute 10-49
DEBUG:root:DONE this minute
DEBUG:root:START this minute 10-50
DEBUG:root:DONE this minute
DEBUG:root:START this minute 10-50
DEBUG:root:DONE this minute
DEBUG:root:START this minute 10-51
DEBUG:root:DONE this minute
DEBUG:root:START this minute 10-52
DEBUG:root:DONE this minute
DEBUG:root:START this minute 10-52
DEBUG:root:DONE this minute
DEBUG:root:START this minute 10-53
DEBUG:root:DONE this minute
DEBUG:root:START this minute 10-54
DEBUG:root:DONE this minute
DEBUG:root:START this minute 10-54
DEBUG:root:002118.SZs
DEBUG:root:buy6
DEBUG:root:DONE this minute
DEBUG:root:START this minute 10-55
DEBUG:root:DONE this minute
DEBUG:root:START this minute 10-56
DEBUG:root:002016.SZm
DEBUG:root:buy3
DEBUG:root:DONE this minute
DEBUG:root:START this minute 10-57
DEBUG:root:DONE this minute
DEBUG:root:START this minute 10-57
DEBUG:root:DONE this minute
DEBUG:root:START this minute 10-58
DEBUG:root:DONE this minute
DEBUG:root:START this minute 10-59
DEBUG:root:DONE this minute
DEBUG:root:START this minute 10-59
DEBUG:root:600188.SHs
DEBUG:root:buy6
DEBUG:root:DONE this minute
DEBUG:root:START this minute 11-00
DEBUG:root:DONE this minute
DEBUG:root:START this minute 11-01
DEBUG:root:DONE this minute
DEBUG:root:START this minute 11-01
DEBUG:root:DONE this minute
DEBUG:root:START this minute 11-02
DEBUG:root:DONE this minute
DEBUG:root:START this minute 11-03
DEBUG:root:DONE this minute
DEBUG:root:START this minute 11-03
DEBUG:root:DONE this minute
DEBUG:root:START this minute 11-04
DEBUG:root:DONE this minute
DEBUG:root:START this minute 11-05
DEBUG:root:DONE this minute
DEBUG:root:START this minute 11-05
DEBUG:root:DONE this minute
DEBUG:root:START this minute 11-06
DEBUG:root:DONE this minute
DEBUG:root:START this minute 11-07
DEBUG:root:DONE this minute
DEBUG:root:START this minute 11-07
DEBUG:root:DONE this minute
DEBUG:root:START this minute 11-08
DEBUG:root:DONE this minute
DEBUG:root:START this minute 11-09
DEBUG:root:DONE this minute
DEBUG:root:START this minute 11-09
DEBUG:root:DONE this minute
DEBUG:root:START this minute 11-10
DEBUG:root:DONE this minute
DEBUG:root:START this minute 11-11
DEBUG:root:DONE this minute
DEBUG:root:START this minute 11-11
DEBUG:root:DONE this minute
DEBUG:root:START this minute 11-12
DEBUG:root:DONE this minute
DEBUG:root:START this minute 11-13
DEBUG:root:DONE this minute
DEBUG:root:START this minute 11-13
DEBUG:root:DONE this minute
DEBUG:root:START this minute 11-14
DEBUG:root:DONE this minute
DEBUG:root:START this minute 11-15
DEBUG:root:DONE this minute
DEBUG:root:START this minute 11-15
DEBUG:root:DONE this minute
DEBUG:root:START this minute 11-16
DEBUG:root:002016.SZk
DEBUG:root:should sell 10100, sell type: sell2
DEBUG:root:DONE this minute
DEBUG:root:START this minute 11-17
DEBUG:root:DONE this minute
DEBUG:root:START this minute 11-17
DEBUG:root:DONE this minute
DEBUG:root:START this minute 11-18
DEBUG:root:DONE this minute
DEBUG:root:START this minute 11-19
DEBUG:root:DONE this minute
DEBUG:root:START this minute 11-19
DEBUG:root:DONE this minute
DEBUG:root:START this minute 11-20
DEBUG:root:DONE this minute
DEBUG:root:START this minute 11-21
DEBUG:root:DONE this minute
DEBUG:root:START this minute 11-21
DEBUG:root:DONE this minute
DEBUG:root:START this minute 11-22
DEBUG:root:DONE this minute
DEBUG:root:START this minute 11-23
DEBUG:root:DONE this minute
DEBUG:root:START this minute 11-23
DEBUG:root:DONE this minute
DEBUG:root:START this minute 11-24
DEBUG:root:DONE this minute
DEBUG:root:START this minute 11-25
DEBUG:root:DONE this minute
DEBUG:root:START this minute 11-25
DEBUG:root:DONE this minute
DEBUG:root:START this minute 11-26
DEBUG:root:DONE this minute
DEBUG:root:START this minute 11-27
DEBUG:root:DONE this minute
DEBUG:root:START this minute 11-27
DEBUG:root:DONE this minute
DEBUG:root:START this minute 11-28
DEBUG:root:DONE this minute
DEBUG:root:START this minute 11-29
DEBUG:root:DONE this minute
DEBUG:root:START this minute 11-29
DEBUG:root:DONE this minute
DEBUG:root:START this minute 11-30
DEBUG:root:DONE this minute
DEBUG:root:START this minute 13-00
DEBUG:root:002016.SZj
DEBUG:root:should sell 10100, sell type: sell1
DEBUG:root:DONE this minute
DEBUG:root:START this minute 13-01
DEBUG:root:DONE this minute
DEBUG:root:START this minute 13-02
DEBUG:root:DONE this minute
DEBUG:root:START this minute 13-02
DEBUG:root:DONE this minute
DEBUG:root:START this minute 13-03
DEBUG:root:DONE this minute
DEBUG:root:START this minute 13-04
DEBUG:root:DONE this minute
DEBUG:root:START this minute 13-04
DEBUG:root:DONE this minute
DEBUG:root:START this minute 13-05
DEBUG:root:DONE this minute
DEBUG:root:START this minute 13-06
DEBUG:root:DONE this minute
DEBUG:root:START this minute 13-06
DEBUG:root:DONE this minute
DEBUG:root:START this minute 13-07
DEBUG:root:DONE this minute
DEBUG:root:START this minute 13-08
DEBUG:root:DONE this minute
DEBUG:root:START this minute 13-08
DEBUG:root:DONE this minute
DEBUG:root:START this minute 13-09
DEBUG:root:DONE this minute
DEBUG:root:START this minute 13-10
DEBUG:root:DONE this minute
DEBUG:root:START this minute 13-10
DEBUG:root:DONE this minute
DEBUG:root:START this minute 13-11
DEBUG:root:DONE this minute
DEBUG:root:START this minute 13-12
DEBUG:root:DONE this minute
DEBUG:root:START this minute 13-12
DEBUG:root:DONE this minute
DEBUG:root:START this minute 13-13
DEBUG:root:DONE this minute
DEBUG:root:START this minute 13-14
DEBUG:root:DONE this minute
DEBUG:root:START this minute 13-14
DEBUG:root:DONE this minute
DEBUG:root:START this minute 13-15
DEBUG:root:DONE this minute
DEBUG:root:START this minute 13-15
DEBUG:root:DONE this minute
DEBUG:root:START this minute 13-16
DEBUG:root:DONE this minute
DEBUG:root:START this minute 13-17
DEBUG:root:DONE this minute
DEBUG:root:START this minute 13-17
DEBUG:root:DONE this minute
DEBUG:root:START this minute 13-18
DEBUG:root:DONE this minute
DEBUG:root:START this minute 13-19
DEBUG:root:DONE this minute
DEBUG:root:START this minute 13-19
DEBUG:root:DONE this minute
DEBUG:root:START this minute 13-20
DEBUG:root:DONE this minute
DEBUG:root:START this minute 13-21
DEBUG:root:DONE this minute
DEBUG:root:START this minute 13-21
DEBUG:root:DONE this minute
DEBUG:root:START this minute 13-22
DEBUG:root:DONE this minute
DEBUG:root:START this minute 13-23
DEBUG:root:DONE this minute
DEBUG:root:START this minute 13-23
DEBUG:root:DONE this minute
DEBUG:root:START this minute 13-24
DEBUG:root:DONE this minute
DEBUG:root:START this minute 13-25
DEBUG:root:DONE this minute
DEBUG:root:START this minute 13-25
DEBUG:root:DONE this minute
DEBUG:root:START this minute 13-26
DEBUG:root:DONE this minute
DEBUG:root:START this minute 13-27
DEBUG:root:DONE this minute
DEBUG:root:START this minute 13-27
DEBUG:root:DONE this minute
DEBUG:root:START this minute 13-28
DEBUG:root:DONE this minute
DEBUG:root:START this minute 13-29
DEBUG:root:DONE this minute
DEBUG:root:START this minute 13-29
DEBUG:root:DONE this minute
DEBUG:root:START this minute 13-30
DEBUG:root:DONE this minute
DEBUG:root:START this minute 13-31
DEBUG:root:DONE this minute
DEBUG:root:START this minute 13-31
DEBUG:root:DONE this minute
DEBUG:root:START this minute 13-32
DEBUG:root:DONE this minute
DEBUG:root:START this minute 13-33
DEBUG:root:DONE this minute
DEBUG:root:START this minute 13-33
DEBUG:root:DONE this minute
DEBUG:root:START this minute 13-34
DEBUG:root:DONE this minute
DEBUG:root:START this minute 13-35
DEBUG:root:DONE this minute
DEBUG:root:START this minute 13-35
DEBUG:root:DONE this minute
DEBUG:root:START this minute 13-36
DEBUG:root:DONE this minute
DEBUG:root:START this minute 13-37
DEBUG:root:DONE this minute
DEBUG:root:START this minute 13-37
DEBUG:root:DONE this minute
DEBUG:root:START this minute 13-38
DEBUG:root:DONE this minute
DEBUG:root:START this minute 13-39
DEBUG:root:DONE this minute
DEBUG:root:START this minute 13-39
DEBUG:root:DONE this minute
DEBUG:root:START this minute 13-40
DEBUG:root:DONE this minute
DEBUG:root:START this minute 13-41
DEBUG:root:DONE this minute
DEBUG:root:START this minute 13-41
DEBUG:root:DONE this minute
DEBUG:root:START this minute 13-42
DEBUG:root:DONE this minute
DEBUG:root:START this minute 13-43
DEBUG:root:DONE this minute
DEBUG:root:START this minute 13-43
DEBUG:root:DONE this minute
DEBUG:root:START this minute 13-44
DEBUG:root:DONE this minute
DEBUG:root:START this minute 13-45
DEBUG:root:DONE this minute
DEBUG:root:START this minute 13-45
DEBUG:root:DONE this minute
DEBUG:root:START this minute 13-46
DEBUG:root:DONE this minute
DEBUG:root:START this minute 13-47
DEBUG:root:002118.SZq
DEBUG:root:should sell 18000, sell type: sell5
DEBUG:root:300199.SZj
DEBUG:root:should sell 10400, sell type: sell1
DEBUG:root:DONE this minute
DEBUG:root:START this minute 13-48
DEBUG:root:DONE this minute
DEBUG:root:START this minute 13-48
DEBUG:root:DONE this minute
DEBUG:root:START this minute 13-49
DEBUG:root:DONE this minute
DEBUG:root:START this minute 13-50
DEBUG:root:DONE this minute
DEBUG:root:START this minute 13-50
DEBUG:root:DONE this minute
DEBUG:root:START this minute 13-51
DEBUG:root:DONE this minute
DEBUG:root:START this minute 13-52
DEBUG:root:DONE this minute
DEBUG:root:START this minute 13-52
DEBUG:root:DONE this minute
DEBUG:root:START this minute 13-53
DEBUG:root:DONE this minute
DEBUG:root:START this minute 13-54
DEBUG:root:DONE this minute
DEBUG:root:START this minute 13-54
DEBUG:root:DONE this minute
DEBUG:root:START this minute 13-55
DEBUG:root:DONE this minute
DEBUG:root:START this minute 13-56
DEBUG:root:DONE this minute
DEBUG:root:START this minute 13-56
DEBUG:root:DONE this minute
DEBUG:root:START this minute 13-57
DEBUG:root:DONE this minute
DEBUG:root:START this minute 13-58
DEBUG:root:DONE this minute
DEBUG:root:START this minute 13-58
DEBUG:root:DONE this minute
DEBUG:root:START this minute 13-59
DEBUG:root:DONE this minute
DEBUG:root:START this minute 14-00
DEBUG:root:DONE this minute
DEBUG:root:START this minute 14-00
DEBUG:root:DONE this minute
DEBUG:root:START this minute 14-01
DEBUG:root:DONE this minute
DEBUG:root:START this minute 14-02
DEBUG:root:DONE this minute
DEBUG:root:START this minute 14-02
DEBUG:root:DONE this minute
DEBUG:root:START this minute 14-03
DEBUG:root:DONE this minute
DEBUG:root:START this minute 14-04
DEBUG:root:DONE this minute
DEBUG:root:START this minute 14-04
DEBUG:root:DONE this minute
DEBUG:root:START this minute 14-05
DEBUG:root:DONE this minute
DEBUG:root:START this minute 14-06
DEBUG:root:DONE this minute
DEBUG:root:START this minute 14-06
DEBUG:root:DONE this minute
DEBUG:root:START this minute 14-07
DEBUG:root:DONE this minute
DEBUG:root:START this minute 14-08
DEBUG:root:DONE this minute
DEBUG:root:START this minute 14-08
DEBUG:root:DONE this minute
DEBUG:root:START this minute 14-09
DEBUG:root:DONE this minute
DEBUG:root:START this minute 14-10
DEBUG:root:DONE this minute
DEBUG:root:START this minute 14-10
DEBUG:root:DONE this minute
DEBUG:root:START this minute 14-11
DEBUG:root:DONE this minute
DEBUG:root:START this minute 14-12
DEBUG:root:DONE this minute
DEBUG:root:START this minute 14-13
DEBUG:root:DONE this minute
DEBUG:root:START this minute 14-13
DEBUG:root:DONE this minute
DEBUG:root:START this minute 14-14
DEBUG:root:DONE this minute
DEBUG:root:START this minute 14-15
DEBUG:root:DONE this minute
DEBUG:root:START this minute 14-15
DEBUG:root:DONE this minute
DEBUG:root:START this minute 14-16
DEBUG:root:DONE this minute
DEBUG:root:START this minute 14-17
DEBUG:root:DONE this minute
DEBUG:root:START this minute 14-17
DEBUG:root:DONE this minute
DEBUG:root:START this minute 14-18
DEBUG:root:DONE this minute
DEBUG:root:START this minute 14-19
DEBUG:root:DONE this minute
DEBUG:root:START this minute 14-19
DEBUG:root:DONE this minute
DEBUG:root:START this minute 14-20
DEBUG:root:DONE this minute
DEBUG:root:START this minute 14-21
DEBUG:root:DONE this minute
DEBUG:root:START this minute 14-21
DEBUG:root:DONE this minute
DEBUG:root:START this minute 14-22
DEBUG:root:DONE this minute
DEBUG:root:START this minute 14-23
DEBUG:root:DONE this minute
DEBUG:root:START this minute 14-23
DEBUG:root:DONE this minute
DEBUG:root:START this minute 14-24
DEBUG:root:DONE this minute
DEBUG:root:START this minute 14-25
DEBUG:root:DONE this minute
DEBUG:root:START this minute 14-25
DEBUG:root:DONE this minute
DEBUG:root:START this minute 14-26
DEBUG:root:DONE this minute
DEBUG:root:START this minute 14-27
DEBUG:root:DONE this minute
DEBUG:root:START this minute 14-27
DEBUG:root:DONE this minute
DEBUG:root:START this minute 14-28
DEBUG:root:DONE this minute
DEBUG:root:START this minute 14-29
DEBUG:root:DONE this minute
DEBUG:root:START this minute 14-29
DEBUG:root:DONE this minute
DEBUG:root:START this minute 14-30
DEBUG:root:DONE this minute
DEBUG:root:START this minute 14-31
DEBUG:root:DONE this minute
DEBUG:root:START this minute 14-31
DEBUG:root:DONE this minute
DEBUG:root:START this minute 14-32
DEBUG:root:DONE this minute
DEBUG:root:START this minute 14-33
DEBUG:root:DONE this minute
DEBUG:root:START this minute 14-33
DEBUG:root:DONE this minute
DEBUG:root:START this minute 14-34
DEBUG:root:DONE this minute
DEBUG:root:START this minute 14-35
DEBUG:root:DONE this minute
DEBUG:root:START this minute 14-35
DEBUG:root:DONE this minute
DEBUG:root:START this minute 14-36
DEBUG:root:DONE this minute
DEBUG:root:START this minute 14-37
DEBUG:root:DONE this minute
DEBUG:root:START this minute 14-37
DEBUG:root:DONE this minute
DEBUG:root:START this minute 14-38
DEBUG:root:DONE this minute
DEBUG:root:START this minute 14-39
DEBUG:root:DONE this minute
DEBUG:root:START this minute 14-39
DEBUG:root:DONE this minute
DEBUG:root:START this minute 14-40
DEBUG:root:DONE this minute
DEBUG:root:START this minute 14-41
DEBUG:root:600188.SHq
DEBUG:root:should sell 11200, sell type: sell5
DEBUG:root:DONE this minute
DEBUG:root:START this minute 14-41
DEBUG:root:DONE this minute
DEBUG:root:START this minute 14-42
DEBUG:root:DONE this minute
DEBUG:root:START this minute 14-43
DEBUG:root:DONE this minute
DEBUG:root:START this minute 14-43
DEBUG:root:DONE this minute
DEBUG:root:START this minute 14-44
DEBUG:root:002488.SZt
DEBUG:root:should sell 10600, sell type: sell2
DEBUG:root:update 2
DEBUG:root:{'600740.SH': [(1.7976931348623157e+308, 12.564582240060252), (12.564582240060252, 12.44506), (12.44506, 12.325537759939747), (12.325537759939747, 12.086493279819242), (12.086493279819242, 11.96697103975899), (11.96697103975899, 11.847448799698737), (11.847448799698737, 2.2250738585072014e-308)], '002016.SZ': [(1.7976931348623157e+308, 16.87150943857551), (16.87150943857551, 16.69654), (16.69654, 16.521570561424486), (16.521570561424486, 16.17163168427346), (16.17163168427346, 15.996662245697946), (15.996662245697946, 15.821692807122433), (15.821692807122433, 2.2250738585072014e-308)], '600188.SH': [(1.7976931348623157e+308, 15.566837346327308), (15.566837346327308, 15.441433877061847), (15.441433877061847, 15.316030407796385), (15.316030407796385, 15.065223469265462), (15.065223469265462, 14.939820000000001), (14.939820000000001, 14.81441653073454), (14.81441653073454, 2.2250738585072014e-308)], '002118.SZ': [(1.7976931348623157e+308, 10.297454923948596), (10.297454923948596, 10.207895939158877), (10.207895939158877, 10.118336954369157), (10.118336954369157, 9.939218984789719), (9.939218984789719, 9.84966), (9.84966, 9.760101015210282), (9.760101015210282, 2.2250738585072014e-308)], '300199.SZ': [(1.7976931348623157e+308, 17.191319305142994), (17.191319305142994, 17.065800000000003), (17.065800000000003, 16.940280694857012), (16.940280694857012, 16.68924208457103), (16.68924208457103, 16.563722779428037), (16.563722779428037, 16.438203474285046), (16.438203474285046, 2.2250738585072014e-308)], '002488.SZ': [(1.7976931348623157e+308, 16.693997515478415), (16.693997515478415, 16.5668), (16.5668, 16.439602484521586), (16.439602484521586, 16.18520745356476), (16.18520745356476, 16.05800993808635), (16.05800993808635, 15.930812422607936), (15.930812422607936, 2.2250738585072014e-308)]}
DEBUG:root:{'600740.SH': [(1.7976931348623157e+308, 12.564582240060252), (12.564582240060252, 12.44506), (12.44506, 12.325537759939747), (12.325537759939747, 11.96697103975899), (11.96697103975899, 2.2250738585072014e-308)], '002016.SZ': [(1.7976931348623157e+308, 16.87150943857551), (16.87150943857551, 16.69654), (16.69654, 16.521570561424486), (16.521570561424486, 15.996662245697946), (15.996662245697946, 2.2250738585072014e-308)], '600188.SH': [(1.7976931348623157e+308, 15.566837346327308), (15.566837346327308, 15.441433877061847), (15.441433877061847, 15.316030407796385), (15.316030407796385, 14.939820000000001), (14.939820000000001, 2.2250738585072014e-308)], '002118.SZ': [(1.7976931348623157e+308, 10.297454923948596), (10.297454923948596, 10.207895939158877), (10.207895939158877, 10.118336954369157), (10.118336954369157, 9.84966), (9.84966, 2.2250738585072014e-308)], '300199.SZ': [(1.7976931348623157e+308, 17.191319305142994), (17.191319305142994, 17.065800000000003), (17.065800000000003, 16.940280694857012), (16.940280694857012, 16.563722779428037), (16.563722779428037, 2.2250738585072014e-308)], '002488.SZ': [(1.7976931348623157e+308, 16.693997515478415), (16.693997515478415, 16.5668), (16.5668, 16.439602484521586), (16.439602484521586, 16.05800993808635), (16.05800993808635, 2.2250738585072014e-308)]}
DEBUG:root:{'600740.SH': [(1.7976931348623157e+308, 12.44506), (12.44506, 12.086493279819242), (12.086493279819242, 11.96697103975899), (11.96697103975899, 11.847448799698737), (11.847448799698737, 2.2250738585072014e-308)], '002016.SZ': [(1.7976931348623157e+308, 16.69654), (16.69654, 16.17163168427346), (16.17163168427346, 15.996662245697946), (15.996662245697946, 15.821692807122433), (15.821692807122433, 2.2250738585072014e-308)], '600188.SH': [(1.7976931348623157e+308, 15.441433877061847), (15.441433877061847, 15.065223469265462), (15.065223469265462, 14.939820000000001), (14.939820000000001, 14.81441653073454), (14.81441653073454, 2.2250738585072014e-308)], '002118.SZ': [(1.7976931348623157e+308, 10.207895939158877), (10.207895939158877, 9.939218984789719), (9.939218984789719, 9.84966), (9.84966, 9.760101015210282), (9.760101015210282, 2.2250738585072014e-308)], '300199.SZ': [(1.7976931348623157e+308, 17.065800000000003), (17.065800000000003, 16.68924208457103), (16.68924208457103, 16.563722779428037), (16.563722779428037, 16.438203474285046), (16.438203474285046, 2.2250738585072014e-308)], '002488.SZ': [(1.7976931348623157e+308, 16.5668), (16.5668, 16.18520745356476), (16.18520745356476, 16.05800993808635), (16.05800993808635, 15.930812422607936), (15.930812422607936, 2.2250738585072014e-308)]}
DEBUG:root:DONE this minute
DEBUG:root:START this minute 14-45
DEBUG:root:DONE this minute
DEBUG:root:START this minute 14-45
DEBUG:root:DONE this minute
DEBUG:root:START this minute 14-46
DEBUG:root:DONE this minute
DEBUG:root:START this minute 14-47
DEBUG:root:DONE this minute
DEBUG:root:START this minute 14-47
DEBUG:root:DONE this minute
DEBUG:root:START this minute 14-48
DEBUG:root:DONE this minute
DEBUG:root:START this minute 14-49
DEBUG:root:DONE this minute
DEBUG:root:START this minute 14-49
DEBUG:root:DONE this minute
DEBUG:root:START this minute 14-50
DEBUG:root:DONE this minute
DEBUG:root:START this minute 14-51
DEBUG:root:DONE this minute
DEBUG:root:START this minute 14-51
DEBUG:root:DONE this minute
DEBUG:root:START this minute 14-52
DEBUG:root:DONE this minute
DEBUG:root:START this minute 14-53
DEBUG:root:DONE this minute
DEBUG:root:START this minute 14-53
DEBUG:root:DONE this minute
DEBUG:root:START this minute 14-54
DEBUG:root:DONE this minute
DEBUG:root:START this minute 14-55
DEBUG:root:DONE this minute
DEBUG:root:START this minute 14-55
DEBUG:root:DONE this minute
DEBUG:root:START this minute 14-56
DEBUG:root:DONE this minute
DEBUG:root:START this minute 14-57
DEBUG:root:002488.SZj
DEBUG:root:should sell 10600, sell type: sell1
DEBUG:root:DONE this minute
DEBUG:root:START this minute 14-58
DEBUG:root:order number: 67
DEBUG:root:remark: 
DEBUG:root:002488.SZ has not traded enough, continue to next stock
DEBUG:root:DONE this minute
DEBUG:root:START this minute 14-58
DEBUG:root:order number: 67
DEBUG:root:remark: 
DEBUG:root:002488.SZ has not traded enough, continue to next stock
DEBUG:root:DONE this minute
DEBUG:root:START this minute 14-59
DEBUG:root:order number: 67
DEBUG:root:remark: 
DEBUG:root:002488.SZ has not traded enough, continue to next stock
DEBUG:root:DONE this minute
DEBUG:root:START this minute 15-00
DEBUG:root:order number: 67
DEBUG:root:remark: 
DEBUG:root:002488.SZ has not traded enough, continue to next stock
DEBUG:root:DONE this minute
DEBUG:root:START this minute 15-00
DEBUG:root:order number: 67
DEBUG:root:remark: 
DEBUG:root:002488.SZ has not traded enough, continue to next stock
DEBUG:root:DONE this minute
