DEBUG:root:ZJL--2018-05-02 09-30-20 is in processing
DEBUG:root:ZJL--Connection to database has been lost
DEBUG:root:ZJL--reconnected to database
DEBUG:root:ZJL--done loading
DEBUG:root:ZJL--2018-05-02 09-31-34 is in processing
DEBUG:root:ZJL--done loading
DEBUG:root:ZJL--2018-05-02 09-32-47 is in processing
DEBUG:root:ZJL--done loading
DEBUG:root:ZJL--2018-05-02 09-33-59 is in processing
DEBUG:root:ZJL--done loading
DEBUG:root:ZJL--2018-05-02 09-35-11 is in processing
DEBUG:root:ZJL--done loading
DEBUG:root:ZJL--2018-05-02 09-36-24 is in processing
DEBUG:root:ZJL--done loading
DEBUG:root:ZJL--2018-05-02 09-37-36 is in processing
DEBUG:root:ZJL--done loading
DEBUG:root:ZJL--2018-05-02 09-38-49 is in processing
DEBUG:root:ZJL--done loading
DEBUG:root:ZJL--2018-05-02 09-40-02 is in processing
DEBUG:root:ZJL--done loading
DEBUG:root:ZJL--2018-05-02 09-41-15 is in processing
DEBUG:root:ZJL--done loading
DEBUG:root:ZJL--2018-05-02 09-42-28 is in processing
DEBUG:root:ZJL--done loading
DEBUG:root:ZJL--2018-05-02 09-43-40 is in processing
DEBUG:root:ZJL--done loading
DEBUG:root:ZJL--2018-05-02 09-44-52 is in processing
DEBUG:root:ZJL--done loading
DEBUG:root:ZJL--2018-05-02 09-46-05 is in processing
DEBUG:root:ZJL--done loading
DEBUG:root:ZJL--2018-05-02 09-47-18 is in processing
DEBUG:root:ZJL--done loading
DEBUG:root:ZJL--2018-05-02 09-48-31 is in processing
DEBUG:root:ZJL--done loading
DEBUG:root:ZJL--2018-05-02 09-49-44 is in processing
DEBUG:root:ZJL--done loading
DEBUG:root:ZJL--2018-05-02 09-50-56 is in processing
DEBUG:root:ZJL--done loading
DEBUG:root:ZJL--2018-05-02 09-52-08 is in processing
DEBUG:root:ZJL--done loading
DEBUG:root:ZJL--2018-05-02 09-53-20 is in processing
DEBUG:root:ZJL--done loading
DEBUG:root:ZJL--2018-05-02 09-54-33 is in processing
DEBUG:root:ZJL--done loading
DEBUG:root:ZJL--2018-05-02 09-55-45 is in processing
DEBUG:root:ZJL--done loading
DEBUG:root:ZJL--2018-05-02 09-56-57 is in processing
DEBUG:root:ZJL--done loading
DEBUG:root:ZJL--2018-05-02 09-58-10 is in processing
DEBUG:root:ZJL--done loading
DEBUG:root:ZJL--2018-05-02 09-59-22 is in processing
DEBUG:root:ZJL--done loading
DEBUG:root:ZJL--2018-05-02 10-00-35 is in processing
DEBUG:root:ZJL--done loading
DEBUG:root:ZJL--2018-05-02 10-01-47 is in processing
DEBUG:root:ZJL--done loading
DEBUG:root:ZJL--2018-05-02 10-03-02 is in processing
DEBUG:root:ZJL--done loading
DEBUG:root:ZJL--2018-05-02 10-04-15 is in processing
DEBUG:root:ZJL--done loading
DEBUG:root:ZJL--2018-05-02 10-05-27 is in processing
DEBUG:root:ZJL--done loading
DEBUG:root:ZJL--2018-05-02 10-06-39 is in processing
DEBUG:root:ZJL--done loading
DEBUG:root:ZJL--2018-05-02 10-07-51 is in processing
DEBUG:root:ZJL--done loading
DEBUG:root:ZJL--2018-05-02 10-09-03 is in processing
DEBUG:root:ZJL--done loading
DEBUG:root:ZJL--2018-05-02 10-10-15 is in processing
DEBUG:root:ZJL--done loading
DEBUG:root:ZJL--2018-05-02 10-11-27 is in processing
DEBUG:root:ZJL--done loading
DEBUG:root:ZJL--2018-05-02 10-12-39 is in processing
DEBUG:root:ZJL--done loading
DEBUG:root:ZJL--2018-05-02 10-13-53 is in processing
DEBUG:root:ZJL--done loading
DEBUG:root:ZJL--2018-05-02 10-15-05 is in processing
DEBUG:root:ZJL--done loading
DEBUG:root:ZJL--2018-05-02 10-16-17 is in processing
DEBUG:root:ZJL--done loading
DEBUG:root:ZJL--2018-05-02 10-17-29 is in processing
DEBUG:root:ZJL--done loading
DEBUG:root:ZJL--2018-05-02 10-18-41 is in processing
DEBUG:root:ZJL--done loading
DEBUG:root:ZJL--2018-05-02 10-19-54 is in processing
DEBUG:root:ZJL--done loading
DEBUG:root:ZJL--2018-05-02 10-21-06 is in processing
DEBUG:root:ZJL--done loading
DEBUG:root:ZJL--2018-05-02 10-22-18 is in processing
DEBUG:root:ZJL--done loading
DEBUG:root:ZJL--2018-05-02 10-23-30 is in processing
DEBUG:root:ZJL--done loading
DEBUG:root:ZJL--2018-05-02 10-24-42 is in processing
DEBUG:root:ZJL--done loading
DEBUG:root:ZJL--2018-05-02 10-25-54 is in processing
DEBUG:root:ZJL--done loading
DEBUG:root:ZJL--2018-05-02 10-27-06 is in processing
DEBUG:root:ZJL--done loading
DEBUG:root:ZJL--2018-05-02 10-28-21 is in processing
DEBUG:root:ZJL--done loading
DEBUG:root:ZJL--2018-05-02 10-29-33 is in processing
DEBUG:root:ZJL--done loading
DEBUG:root:ZJL--2018-05-02 10-30-45 is in processing
DEBUG:root:ZJL--done loading
DEBUG:root:ZJL--2018-05-02 10-31-57 is in processing
DEBUG:root:ZJL--done loading
DEBUG:root:ZJL--2018-05-02 10-33-09 is in processing
DEBUG:root:ZJL--done loading
DEBUG:root:ZJL--2018-05-02 10-34-21 is in processing
DEBUG:root:ZJL--done loading
DEBUG:root:ZJL--2018-05-02 10-35-33 is in processing
DEBUG:root:ZJL--done loading
DEBUG:root:ZJL--2018-05-02 10-36-45 is in processing
DEBUG:root:ZJL--done loading
DEBUG:root:ZJL--2018-05-02 10-37-57 is in processing
DEBUG:root:ZJL--done loading
DEBUG:root:ZJL--2018-05-02 10-39-09 is in processing
DEBUG:root:ZJL--done loading
DEBUG:root:ZJL--2018-05-02 10-40-23 is in processing
DEBUG:root:ZJL--done loading
DEBUG:root:ZJL--2018-05-02 10-41-35 is in processing
DEBUG:root:ZJL--done loading
DEBUG:root:ZJL--2018-05-02 10-42-47 is in processing
DEBUG:root:ZJL--done loading
DEBUG:root:ZJL--2018-05-02 10-44-00 is in processing
DEBUG:root:ZJL--done loading
DEBUG:root:ZJL--2018-05-02 10-45-12 is in processing
DEBUG:root:ZJL--done loading
DEBUG:root:ZJL--2018-05-02 10-46-24 is in processing
DEBUG:root:ZJL--done loading
DEBUG:root:ZJL--2018-05-02 10-47-36 is in processing
DEBUG:root:ZJL--done loading
DEBUG:root:ZJL--2018-05-02 10-48-48 is in processing
DEBUG:root:ZJL--done loading
DEBUG:root:ZJL--2018-05-02 10-50-00 is in processing
DEBUG:root:ZJL--done loading
DEBUG:root:ZJL--2018-05-02 10-51-12 is in processing
DEBUG:root:ZJL--done loading
DEBUG:root:ZJL--2018-05-02 10-52-25 is in processing
DEBUG:root:ZJL--done loading
DEBUG:root:ZJL--2018-05-02 10-53-37 is in processing
DEBUG:root:ZJL--done loading
DEBUG:root:ZJL--2018-05-02 10-54-49 is in processing
DEBUG:root:ZJL--done loading
DEBUG:root:ZJL--2018-05-02 10-56-01 is in processing
DEBUG:root:ZJL--done loading
DEBUG:root:ZJL--2018-05-02 10-57-13 is in processing
DEBUG:root:ZJL--done loading
DEBUG:root:ZJL--2018-05-02 10-58-25 is in processing
DEBUG:root:ZJL--done loading
DEBUG:root:ZJL--2018-05-02 10-59-37 is in processing
DEBUG:root:ZJL--done loading
DEBUG:root:ZJL--2018-05-02 11-00-49 is in processing
DEBUG:root:ZJL--done loading
DEBUG:root:ZJL--2018-05-02 11-02-01 is in processing
DEBUG:root:ZJL--done loading
DEBUG:root:ZJL--2018-05-02 11-03-13 is in processing
DEBUG:root:ZJL--done loading
DEBUG:root:ZJL--2018-05-02 11-04-25 is in processing
DEBUG:root:ZJL--done loading
DEBUG:root:ZJL--2018-05-02 11-05-37 is in processing
DEBUG:root:ZJL--done loading
DEBUG:root:ZJL--2018-05-02 11-06-49 is in processing
DEBUG:root:ZJL--done loading
DEBUG:root:ZJL--2018-05-02 11-08-01 is in processing
DEBUG:root:ZJL--done loading
DEBUG:root:ZJL--2018-05-02 11-09-13 is in processing
DEBUG:root:ZJL--done loading
DEBUG:root:ZJL--2018-05-02 11-10-25 is in processing
DEBUG:root:ZJL--done loading
DEBUG:root:ZJL--2018-05-02 11-11-38 is in processing
DEBUG:root:ZJL--done loading
DEBUG:root:ZJL--2018-05-02 11-12-50 is in processing
DEBUG:root:ZJL--done loading
DEBUG:root:ZJL--2018-05-02 11-14-02 is in processing
DEBUG:root:ZJL--done loading
DEBUG:root:ZJL--2018-05-02 11-15-14 is in processing
DEBUG:root:ZJL--done loading
DEBUG:root:ZJL--2018-05-02 11-16-26 is in processing
DEBUG:root:ZJL--done loading
DEBUG:root:ZJL--2018-05-02 11-17-39 is in processing
DEBUG:root:ZJL--done loading
DEBUG:root:ZJL--2018-05-02 11-18-51 is in processing
DEBUG:root:ZJL--done loading
DEBUG:root:ZJL--2018-05-02 11-20-03 is in processing
DEBUG:root:ZJL--done loading
DEBUG:root:ZJL--2018-05-02 11-21-16 is in processing
DEBUG:root:ZJL--done loading
DEBUG:root:ZJL--2018-05-02 11-22-29 is in processing
DEBUG:root:ZJL--done loading
DEBUG:root:ZJL--2018-05-02 11-23-42 is in processing
DEBUG:root:ZJL--done loading
DEBUG:root:ZJL--2018-05-02 11-24-55 is in processing
DEBUG:root:ZJL--done loading
DEBUG:root:ZJL--2018-05-02 11-26-07 is in processing
DEBUG:root:ZJL--done loading
DEBUG:root:ZJL--2018-05-02 11-27-19 is in processing
DEBUG:root:ZJL--done loading
DEBUG:root:ZJL--2018-05-02 11-28-31 is in processing
DEBUG:root:ZJL--done loading
DEBUG:root:ZJL--2018-05-02 11-29-43 is in processing
DEBUG:root:ZJL--done loading
DEBUG:root:ZJL--2018-05-02 11-30-55 is in processing
DEBUG:root:ZJL--done loading
DEBUG:root:ZJL--2018-05-02 13-00-08 is in processing
DEBUG:root:ZJL--Connection to database has been lost
DEBUG:root:ZJL--reconnected to database
DEBUG:root:ZJL--done loading
DEBUG:root:ZJL--2018-05-02 13-01-21 is in processing
DEBUG:root:ZJL--done loading
DEBUG:root:ZJL--2018-05-02 13-02-34 is in processing
DEBUG:root:ZJL--done loading
DEBUG:root:ZJL--2018-05-02 13-03-47 is in processing
DEBUG:root:ZJL--done loading
DEBUG:root:ZJL--2018-05-02 13-05-01 is in processing
DEBUG:root:ZJL--done loading
DEBUG:root:ZJL--2018-05-02 13-06-14 is in processing
DEBUG:root:ZJL--done loading
DEBUG:root:ZJL--2018-05-02 13-07-27 is in processing
DEBUG:root:ZJL--done loading
DEBUG:root:ZJL--2018-05-02 13-08-39 is in processing
DEBUG:root:ZJL--done loading
DEBUG:root:ZJL--2018-05-02 13-09-51 is in processing
DEBUG:root:ZJL--done loading
DEBUG:root:ZJL--2018-05-02 13-11-04 is in processing
DEBUG:root:ZJL--done loading
DEBUG:root:ZJL--2018-05-02 13-12-17 is in processing
DEBUG:root:ZJL--done loading
DEBUG:root:ZJL--2018-05-02 13-13-29 is in processing
DEBUG:root:ZJL--done loading
DEBUG:root:ZJL--2018-05-02 13-14-41 is in processing
DEBUG:root:ZJL--done loading
DEBUG:root:ZJL--2018-05-02 13-15-53 is in processing
DEBUG:root:ZJL--done loading
DEBUG:root:ZJL--2018-05-02 13-17-05 is in processing
DEBUG:root:ZJL--done loading
DEBUG:root:ZJL--2018-05-02 13-18-20 is in processing
DEBUG:root:ZJL--done loading
DEBUG:root:ZJL--2018-05-02 13-19-34 is in processing
DEBUG:root:ZJL--done loading
DEBUG:root:ZJL--2018-05-02 13-20-47 is in processing
DEBUG:root:ZJL--done loading
DEBUG:root:ZJL--2018-05-02 13-21-59 is in processing
DEBUG:root:ZJL--done loading
DEBUG:root:ZJL--2018-05-02 13-23-11 is in processing
DEBUG:root:ZJL--done loading
DEBUG:root:ZJL--2018-05-02 13-24-23 is in processing
DEBUG:root:ZJL--done loading
DEBUG:root:ZJL--2018-05-02 13-25-35 is in processing
DEBUG:root:ZJL--done loading
DEBUG:root:ZJL--2018-05-02 13-26-47 is in processing
DEBUG:root:ZJL--done loading
DEBUG:root:ZJL--2018-05-02 13-27-59 is in processing
DEBUG:root:ZJL--done loading
DEBUG:root:ZJL--2018-05-02 13-29-12 is in processing
DEBUG:root:ZJL--done loading
DEBUG:root:ZJL--2018-05-02 13-30-24 is in processing
DEBUG:root:ZJL--done loading
DEBUG:root:ZJL--2018-05-02 13-31-36 is in processing
DEBUG:root:ZJL--done loading
DEBUG:root:ZJL--2018-05-02 13-32-48 is in processing
DEBUG:root:ZJL--done loading
DEBUG:root:ZJL--2018-05-02 13-34-00 is in processing
DEBUG:root:ZJL--done loading
DEBUG:root:ZJL--2018-05-02 13-35-12 is in processing
DEBUG:root:ZJL--done loading
DEBUG:root:ZJL--2018-05-02 13-36-24 is in processing
DEBUG:root:ZJL--done loading
DEBUG:root:ZJL--2018-05-02 13-37-36 is in processing
DEBUG:root:ZJL--done loading
DEBUG:root:ZJL--2018-05-02 13-38-49 is in processing
DEBUG:root:ZJL--done loading
DEBUG:root:ZJL--2018-05-02 13-40-01 is in processing
DEBUG:root:ZJL--done loading
DEBUG:root:ZJL--2018-05-02 13-41-13 is in processing
DEBUG:root:ZJL--done loading
DEBUG:root:ZJL--2018-05-02 13-42-25 is in processing
DEBUG:root:ZJL--done loading
DEBUG:root:ZJL--2018-05-02 13-43-37 is in processing
DEBUG:root:ZJL--done loading
DEBUG:root:ZJL--2018-05-02 13-44-50 is in processing
DEBUG:root:ZJL--done loading
DEBUG:root:ZJL--2018-05-02 13-46-02 is in processing
DEBUG:root:ZJL--done loading
DEBUG:root:ZJL--2018-05-02 13-47-17 is in processing
DEBUG:root:ZJL--done loading
DEBUG:root:ZJL--2018-05-02 13-48-31 is in processing
DEBUG:root:ZJL--done loading
DEBUG:root:ZJL--2018-05-02 13-49-44 is in processing
DEBUG:root:ZJL--done loading
DEBUG:root:ZJL--2018-05-02 13-50-56 is in processing
DEBUG:root:ZJL--done loading
DEBUG:root:ZJL--2018-05-02 13-52-08 is in processing
DEBUG:root:ZJL--done loading
DEBUG:root:ZJL--2018-05-02 13-53-20 is in processing
DEBUG:root:ZJL--done loading
DEBUG:root:ZJL--2018-05-02 13-54-32 is in processing
DEBUG:root:ZJL--done loading
DEBUG:root:ZJL--2018-05-02 13-55-45 is in processing
DEBUG:root:ZJL--done loading
DEBUG:root:ZJL--2018-05-02 13-56-57 is in processing
DEBUG:root:ZJL--done loading
DEBUG:root:ZJL--2018-05-02 13-58-09 is in processing
DEBUG:root:ZJL--done loading
DEBUG:root:ZJL--2018-05-02 13-59-21 is in processing
DEBUG:root:ZJL--done loading
DEBUG:root:ZJL--2018-05-02 14-00-34 is in processing
DEBUG:root:ZJL--done loading
DEBUG:root:ZJL--2018-05-02 14-01-49 is in processing
DEBUG:root:ZJL--done loading
DEBUG:root:ZJL--2018-05-02 14-03-01 is in processing
DEBUG:root:ZJL--done loading
DEBUG:root:ZJL--2018-05-02 14-04-13 is in processing
DEBUG:root:ZJL--done loading
DEBUG:root:ZJL--2018-05-02 14-05-25 is in processing
DEBUG:root:ZJL--done loading
DEBUG:root:ZJL--2018-05-02 14-06-37 is in processing
DEBUG:root:ZJL--done loading
DEBUG:root:ZJL--2018-05-02 14-07-50 is in processing
DEBUG:root:ZJL--done loading
DEBUG:root:ZJL--2018-05-02 14-09-02 is in processing
DEBUG:root:ZJL--done loading
DEBUG:root:ZJL--2018-05-02 14-10-15 is in processing
DEBUG:root:ZJL--done loading
DEBUG:root:ZJL--2018-05-02 14-11-27 is in processing
DEBUG:root:ZJL--done loading
DEBUG:root:ZJL--2018-05-02 14-12-40 is in processing
DEBUG:root:ZJL--done loading
DEBUG:root:ZJL--2018-05-02 14-13-53 is in processing
DEBUG:root:ZJL--done loading
DEBUG:root:ZJL--2018-05-02 14-15-08 is in processing
DEBUG:root:ZJL--done loading
DEBUG:root:ZJL--2018-05-02 14-16-21 is in processing
DEBUG:root:ZJL--done loading
DEBUG:root:ZJL--2018-05-02 14-17-33 is in processing
DEBUG:root:ZJL--done loading
DEBUG:root:ZJL--2018-05-02 14-18-45 is in processing
DEBUG:root:ZJL--done loading
DEBUG:root:ZJL--2018-05-02 14-19-57 is in processing
DEBUG:root:ZJL--done loading
DEBUG:root:ZJL--2018-05-02 14-21-09 is in processing
DEBUG:root:ZJL--done loading
DEBUG:root:ZJL--2018-05-02 14-22-22 is in processing
DEBUG:root:ZJL--done loading
DEBUG:root:ZJL--2018-05-02 14-23-34 is in processing
DEBUG:root:ZJL--done loading
DEBUG:root:ZJL--2018-05-02 14-24-46 is in processing
DEBUG:root:ZJL--done loading
DEBUG:root:ZJL--2018-05-02 14-25-58 is in processing
DEBUG:root:ZJL--done loading
DEBUG:root:ZJL--2018-05-02 14-27-10 is in processing
DEBUG:root:ZJL--done loading
DEBUG:root:ZJL--2018-05-02 14-28-22 is in processing
DEBUG:root:ZJL--done loading
DEBUG:root:ZJL--2018-05-02 14-29-35 is in processing
DEBUG:root:ZJL--done loading
DEBUG:root:ZJL--2018-05-02 14-30-47 is in processing
DEBUG:root:ZJL--done loading
DEBUG:root:ZJL--2018-05-02 14-31-59 is in processing
DEBUG:root:ZJL--done loading
DEBUG:root:ZJL--2018-05-02 14-33-12 is in processing
DEBUG:root:ZJL--done loading
DEBUG:root:ZJL--2018-05-02 14-34-24 is in processing
DEBUG:root:ZJL--done loading
DEBUG:root:ZJL--2018-05-02 14-35-39 is in processing
DEBUG:root:ZJL--done loading
DEBUG:root:ZJL--2018-05-02 14-36-54 is in processing
DEBUG:root:ZJL--done loading
DEBUG:root:ZJL--2018-05-02 14-38-06 is in processing
DEBUG:root:ZJL--done loading
DEBUG:root:ZJL--2018-05-02 14-39-18 is in processing
DEBUG:root:ZJL--done loading
DEBUG:root:ZJL--2018-05-02 14-40-30 is in processing
DEBUG:root:ZJL--done loading
DEBUG:root:ZJL--2018-05-02 14-41-42 is in processing
DEBUG:root:ZJL--done loading
DEBUG:root:ZJL--2018-05-02 14-42-54 is in processing
DEBUG:root:ZJL--done loading
DEBUG:root:ZJL--2018-05-02 14-44-06 is in processing
DEBUG:root:ZJL--done loading
DEBUG:root:ZJL--2018-05-02 14-45-18 is in processing
DEBUG:root:ZJL--done loading
DEBUG:root:ZJL--2018-05-02 14-46-30 is in processing
DEBUG:root:ZJL--done loading
DEBUG:root:ZJL--2018-05-02 14-47-42 is in processing
DEBUG:root:ZJL--done loading
DEBUG:root:ZJL--2018-05-02 14-48-55 is in processing
DEBUG:root:ZJL--done loading
DEBUG:root:ZJL--2018-05-02 14-50-10 is in processing
DEBUG:root:ZJL--done loading
DEBUG:root:ZJL--2018-05-02 14-51-22 is in processing
DEBUG:root:ZJL--done loading
DEBUG:root:ZJL--2018-05-02 14-52-34 is in processing
DEBUG:root:ZJL--done loading
DEBUG:root:ZJL--2018-05-02 14-53-46 is in processing
DEBUG:root:ZJL--done loading
DEBUG:root:ZJL--2018-05-02 14-54-58 is in processing
DEBUG:root:ZJL--done loading
DEBUG:root:ZJL--2018-05-02 14-56-10 is in processing
DEBUG:root:ZJL--done loading
DEBUG:root:ZJL--2018-05-02 14-57-22 is in processing
DEBUG:root:ZJL--done loading
DEBUG:root:ZJL--2018-05-02 14-58-35 is in processing
DEBUG:root:ZJL--done loading
DEBUG:root:ZJL--2018-05-02 14-59-47 is in processing
DEBUG:root:ZJL--done loading
DEBUG:root:ZJL--2018-05-02 15-00-59 is in processing
DEBUG:root:ZJL--done loading
DEBUG:root:ZJL--2018-05-03 09-30-40 is in processing
DEBUG:root:ZJL--Connection to database has been lost
DEBUG:root:ZJL--reconnected to database
DEBUG:root:ZJL--done loading
DEBUG:root:ZJL--2018-05-03 09-31-54 is in processing
DEBUG:root:ZJL--done loading
DEBUG:root:ZJL--2018-05-03 09-33-08 is in processing
DEBUG:root:ZJL--done loading
DEBUG:root:ZJL--2018-05-03 09-34-20 is in processing
DEBUG:root:ZJL--done loading
DEBUG:root:ZJL--2018-05-03 09-35-32 is in processing
DEBUG:root:ZJL--done loading
DEBUG:root:ZJL--2018-05-03 09-36-44 is in processing
DEBUG:root:ZJL--done loading
DEBUG:root:ZJL--2018-05-03 09-37-56 is in processing
DEBUG:root:ZJL--done loading
DEBUG:root:ZJL--2018-05-03 09-39-08 is in processing
DEBUG:root:ZJL--done loading
DEBUG:root:ZJL--2018-05-03 09-40-20 is in processing
DEBUG:root:ZJL--done loading
DEBUG:root:ZJL--2018-05-03 09-41-32 is in processing
DEBUG:root:ZJL--done loading
DEBUG:root:ZJL--2018-05-03 09-42-44 is in processing
DEBUG:root:ZJL--done loading
DEBUG:root:ZJL--2018-05-03 09-43-59 is in processing
DEBUG:root:ZJL--done loading
DEBUG:root:ZJL--2018-05-03 09-45-12 is in processing
DEBUG:root:ZJL--done loading
DEBUG:root:ZJL--2018-05-03 09-46-23 is in processing
DEBUG:root:ZJL--done loading
DEBUG:root:ZJL--2018-05-03 09-47-36 is in processing
DEBUG:root:ZJL--done loading
DEBUG:root:ZJL--2018-05-03 09-48-48 is in processing
DEBUG:root:ZJL--done loading
DEBUG:root:ZJL--2018-05-03 09-50-00 is in processing
DEBUG:root:ZJL--done loading
DEBUG:root:ZJL--2018-05-03 09-51-12 is in processing
DEBUG:root:ZJL--done loading
DEBUG:root:ZJL--2018-05-03 09-52-24 is in processing
DEBUG:root:ZJL--done loading
DEBUG:root:ZJL--2018-05-03 09-53-37 is in processing
DEBUG:root:ZJL--done loading
DEBUG:root:ZJL--2018-05-03 09-54-52 is in processing
DEBUG:root:ZJL--done loading
DEBUG:root:ZJL--2018-05-03 09-56-04 is in processing
DEBUG:root:ZJL--done loading
DEBUG:root:ZJL--2018-05-03 09-57-16 is in processing
DEBUG:root:ZJL--done loading
DEBUG:root:ZJL--2018-05-03 09-58-28 is in processing
DEBUG:root:ZJL--done loading
DEBUG:root:ZJL--2018-05-03 09-59-40 is in processing
DEBUG:root:ZJL--done loading
DEBUG:root:ZJL--2018-05-03 10-00-52 is in processing
DEBUG:root:ZJL--done loading
DEBUG:root:ZJL--2018-05-03 10-02-04 is in processing
DEBUG:root:ZJL--done loading
DEBUG:root:ZJL--2018-05-03 10-03-16 is in processing
DEBUG:root:ZJL--done loading
DEBUG:root:ZJL--2018-05-03 10-04-28 is in processing
DEBUG:root:ZJL--done loading
DEBUG:root:ZJL--2018-05-03 10-05-43 is in processing
DEBUG:root:ZJL--done loading
DEBUG:root:ZJL--2018-05-03 10-06-55 is in processing
DEBUG:root:ZJL--done loading
DEBUG:root:ZJL--2018-05-03 10-08-07 is in processing
DEBUG:root:ZJL--done loading
DEBUG:root:ZJL--2018-05-03 10-09-19 is in processing
DEBUG:root:ZJL--done loading
DEBUG:root:ZJL--2018-05-03 10-10-32 is in processing
DEBUG:root:ZJL--done loading
DEBUG:root:ZJL--2018-05-03 10-11-44 is in processing
DEBUG:root:ZJL--done loading
DEBUG:root:ZJL--2018-05-03 10-12-56 is in processing
DEBUG:root:ZJL--done loading
DEBUG:root:ZJL--2018-05-03 10-14-08 is in processing
DEBUG:root:ZJL--done loading
DEBUG:root:ZJL--2018-05-03 10-15-20 is in processing
DEBUG:root:ZJL--done loading
DEBUG:root:ZJL--2018-05-03 10-16-32 is in processing
DEBUG:root:ZJL--done loading
DEBUG:root:ZJL--2018-05-03 10-17-44 is in processing
DEBUG:root:ZJL--done loading
DEBUG:root:ZJL--2018-05-03 10-18-56 is in processing
DEBUG:root:ZJL--done loading
DEBUG:root:ZJL--2018-05-03 10-20-08 is in processing
DEBUG:root:ZJL--done loading
DEBUG:root:ZJL--2018-05-03 10-21-23 is in processing
DEBUG:root:ZJL--done loading
DEBUG:root:ZJL--2018-05-03 10-22-36 is in processing
DEBUG:root:ZJL--done loading
DEBUG:root:ZJL--2018-05-03 10-23-48 is in processing
DEBUG:root:ZJL--done loading
DEBUG:root:ZJL--2018-05-03 10-25-00 is in processing
DEBUG:root:ZJL--done loading
DEBUG:root:ZJL--2018-05-03 10-26-12 is in processing
DEBUG:root:ZJL--done loading
DEBUG:root:ZJL--2018-05-03 10-27-24 is in processing
DEBUG:root:ZJL--done loading
DEBUG:root:ZJL--2018-05-03 10-28-36 is in processing
DEBUG:root:ZJL--done loading
DEBUG:root:ZJL--2018-05-03 10-29-49 is in processing
DEBUG:root:ZJL--done loading
DEBUG:root:ZJL--2018-05-03 10-31-02 is in processing
DEBUG:root:ZJL--done loading
DEBUG:root:ZJL--2018-05-03 10-32-14 is in processing
DEBUG:root:ZJL--done loading
DEBUG:root:ZJL--2018-05-03 10-33-26 is in processing
DEBUG:root:ZJL--done loading
DEBUG:root:ZJL--2018-05-03 10-34-38 is in processing
DEBUG:root:ZJL--done loading
DEBUG:root:ZJL--2018-05-03 10-35-50 is in processing
DEBUG:root:ZJL--done loading
DEBUG:root:ZJL--2018-05-03 10-37-02 is in processing
DEBUG:root:ZJL--done loading
DEBUG:root:ZJL--2018-05-03 10-38-14 is in processing
DEBUG:root:ZJL--done loading
DEBUG:root:ZJL--2018-05-03 10-39-26 is in processing
DEBUG:root:ZJL--done loading
DEBUG:root:ZJL--2018-05-03 10-40-38 is in processing
DEBUG:root:ZJL--done loading
DEBUG:root:ZJL--2018-05-03 10-41-50 is in processing
DEBUG:root:ZJL--done loading
DEBUG:root:ZJL--2018-05-03 10-43-02 is in processing
DEBUG:root:ZJL--done loading
DEBUG:root:ZJL--2018-05-03 10-44-14 is in processing
DEBUG:root:ZJL--done loading
DEBUG:root:ZJL--2018-05-03 10-45-26 is in processing
DEBUG:root:ZJL--done loading
DEBUG:root:ZJL--2018-05-03 10-46-38 is in processing
DEBUG:root:ZJL--done loading
DEBUG:root:ZJL--2018-05-03 10-47-50 is in processing
DEBUG:root:ZJL--done loading
DEBUG:root:ZJL--2018-05-03 10-49-03 is in processing
DEBUG:root:ZJL--done loading
DEBUG:root:ZJL--2018-05-03 10-50-15 is in processing
DEBUG:root:ZJL--done loading
DEBUG:root:ZJL--2018-05-03 10-51-27 is in processing
DEBUG:root:ZJL--done loading
DEBUG:root:ZJL--2018-05-03 10-52-39 is in processing
DEBUG:root:ZJL--done loading
DEBUG:root:ZJL--2018-05-03 10-53-51 is in processing
DEBUG:root:ZJL--done loading
DEBUG:root:ZJL--2018-05-03 10-55-03 is in processing
DEBUG:root:ZJL--done loading
DEBUG:root:ZJL--2018-05-03 10-56-16 is in processing
DEBUG:root:ZJL--done loading
DEBUG:root:ZJL--2018-05-03 10-57-28 is in processing
DEBUG:root:ZJL--done loading
DEBUG:root:ZJL--2018-05-03 10-58-40 is in processing
DEBUG:root:ZJL--done loading
DEBUG:root:ZJL--2018-05-03 10-59-52 is in processing
DEBUG:root:ZJL--done loading
DEBUG:root:ZJL--2018-05-03 11-01-04 is in processing
DEBUG:root:ZJL--done loading
DEBUG:root:ZJL--2018-05-03 11-02-17 is in processing
DEBUG:root:ZJL--done loading
DEBUG:root:ZJL--2018-05-03 11-03-29 is in processing
DEBUG:root:ZJL--done loading
DEBUG:root:ZJL--2018-05-03 11-04-41 is in processing
DEBUG:root:ZJL--done loading
DEBUG:root:ZJL--2018-05-03 11-05-53 is in processing
DEBUG:root:ZJL--done loading
DEBUG:root:ZJL--2018-05-03 11-07-05 is in processing
DEBUG:root:ZJL--done loading
DEBUG:root:ZJL--2018-05-03 11-08-17 is in processing
DEBUG:root:ZJL--done loading
DEBUG:root:ZJL--2018-05-03 11-09-30 is in processing
DEBUG:root:ZJL--done loading
DEBUG:root:ZJL--2018-05-03 11-10-42 is in processing
DEBUG:root:ZJL--done loading
DEBUG:root:ZJL--2018-05-03 11-11-56 is in processing
DEBUG:root:ZJL--done loading
DEBUG:root:ZJL--2018-05-03 11-13-08 is in processing
DEBUG:root:ZJL--done loading
DEBUG:root:ZJL--2018-05-03 11-14-20 is in processing
DEBUG:root:ZJL--done loading
DEBUG:root:ZJL--2018-05-03 11-15-32 is in processing
DEBUG:root:ZJL--done loading
DEBUG:root:ZJL--2018-05-03 11-16-44 is in processing
DEBUG:root:ZJL--done loading
DEBUG:root:ZJL--2018-05-03 11-17-56 is in processing
DEBUG:root:ZJL--done loading
DEBUG:root:ZJL--2018-05-03 11-19-08 is in processing
DEBUG:root:ZJL--done loading
DEBUG:root:ZJL--2018-05-03 11-20-20 is in processing
DEBUG:root:ZJL--done loading
DEBUG:root:ZJL--2018-05-03 11-21-32 is in processing
DEBUG:root:ZJL--done loading
DEBUG:root:ZJL--2018-05-03 11-22-45 is in processing
DEBUG:root:ZJL--done loading
DEBUG:root:ZJL--2018-05-03 11-24-00 is in processing
DEBUG:root:ZJL--done loading
DEBUG:root:ZJL--2018-05-03 11-25-12 is in processing
DEBUG:root:ZJL--done loading
DEBUG:root:ZJL--2018-05-03 11-26-24 is in processing
DEBUG:root:ZJL--done loading
DEBUG:root:ZJL--2018-05-03 11-27-36 is in processing
DEBUG:root:ZJL--done loading
DEBUG:root:ZJL--2018-05-03 11-28-48 is in processing
DEBUG:root:ZJL--done loading
DEBUG:root:ZJL--2018-05-03 11-30-01 is in processing
DEBUG:root:ZJL--done loading
DEBUG:root:ZJL--2018-05-03 13-00-13 is in processing
DEBUG:root:ZJL--Connection to database has been lost
DEBUG:root:ZJL--reconnected to database
DEBUG:root:ZJL--done loading
DEBUG:root:ZJL--2018-05-03 13-01-27 is in processing
DEBUG:root:ZJL--done loading
DEBUG:root:ZJL--2018-05-03 13-02-39 is in processing
DEBUG:root:ZJL--done loading
DEBUG:root:ZJL--2018-05-03 13-03-51 is in processing
DEBUG:root:ZJL--done loading
DEBUG:root:ZJL--2018-05-03 13-05-03 is in processing
DEBUG:root:ZJL--done loading
DEBUG:root:ZJL--2018-05-03 13-06-15 is in processing
DEBUG:root:ZJL--done loading
DEBUG:root:ZJL--2018-05-03 13-07-27 is in processing
DEBUG:root:ZJL--done loading
DEBUG:root:ZJL--2018-05-03 13-08-39 is in processing
DEBUG:root:ZJL--done loading
DEBUG:root:ZJL--2018-05-03 13-09-51 is in processing
DEBUG:root:ZJL--done loading
DEBUG:root:ZJL--2018-05-03 13-11-03 is in processing
DEBUG:root:ZJL--done loading
DEBUG:root:ZJL--2018-05-03 13-12-15 is in processing
DEBUG:root:ZJL--done loading
DEBUG:root:ZJL--2018-05-03 13-13-27 is in processing
DEBUG:root:ZJL--done loading
DEBUG:root:ZJL--2018-05-03 13-14-39 is in processing
DEBUG:root:ZJL--done loading
DEBUG:root:ZJL--2018-05-03 13-15-52 is in processing
DEBUG:root:ZJL--done loading
DEBUG:root:ZJL--2018-05-03 13-17-04 is in processing
DEBUG:root:ZJL--done loading
DEBUG:root:ZJL--2018-05-03 13-18-16 is in processing
DEBUG:root:ZJL--done loading
DEBUG:root:ZJL--2018-05-03 13-19-28 is in processing
DEBUG:root:ZJL--done loading
DEBUG:root:ZJL--2018-05-03 13-20-40 is in processing
DEBUG:root:ZJL--done loading
DEBUG:root:ZJL--2018-05-03 13-21-53 is in processing
DEBUG:root:ZJL--done loading
DEBUG:root:ZJL--2018-05-03 13-23-05 is in processing
DEBUG:root:ZJL--done loading
DEBUG:root:ZJL--2018-05-03 13-24-17 is in processing
DEBUG:root:ZJL--done loading
DEBUG:root:ZJL--2018-05-03 13-25-29 is in processing
DEBUG:root:ZJL--done loading
DEBUG:root:ZJL--2018-05-03 13-26-41 is in processing
DEBUG:root:ZJL--done loading
DEBUG:root:ZJL--2018-05-03 13-27-54 is in processing
DEBUG:root:ZJL--done loading
DEBUG:root:ZJL--2018-05-03 13-29-06 is in processing
DEBUG:root:ZJL--done loading
DEBUG:root:ZJL--2018-05-03 13-30-18 is in processing
DEBUG:root:ZJL--done loading
DEBUG:root:ZJL--2018-05-03 13-31-30 is in processing
DEBUG:root:ZJL--done loading
DEBUG:root:ZJL--2018-05-03 13-32-42 is in processing
DEBUG:root:ZJL--done loading
DEBUG:root:ZJL--2018-05-03 13-33-54 is in processing
DEBUG:root:ZJL--done loading
DEBUG:root:ZJL--2018-05-03 13-35-06 is in processing
DEBUG:root:ZJL--done loading
DEBUG:root:ZJL--2018-05-03 13-36-18 is in processing
DEBUG:root:ZJL--done loading
DEBUG:root:ZJL--2018-05-03 13-37-30 is in processing
DEBUG:root:ZJL--done loading
DEBUG:root:ZJL--2018-05-03 13-38-46 is in processing
DEBUG:root:ZJL--done loading
DEBUG:root:ZJL--2018-05-03 13-39-58 is in processing
DEBUG:root:ZJL--done loading
DEBUG:root:ZJL--2018-05-03 13-41-10 is in processing
DEBUG:root:ZJL--done loading
DEBUG:root:ZJL--2018-05-03 13-42-23 is in processing
DEBUG:root:ZJL--done loading
DEBUG:root:ZJL--2018-05-03 13-43-35 is in processing
DEBUG:root:ZJL--done loading
DEBUG:root:ZJL--2018-05-03 13-44-48 is in processing
DEBUG:root:ZJL--done loading
DEBUG:root:ZJL--2018-05-03 13-46-00 is in processing
DEBUG:root:ZJL--done loading
DEBUG:root:ZJL--2018-05-03 13-47-12 is in processing
DEBUG:root:ZJL--done loading
DEBUG:root:ZJL--2018-05-03 13-48-24 is in processing
DEBUG:root:ZJL--done loading
DEBUG:root:ZJL--2018-05-03 13-49-36 is in processing
DEBUG:root:ZJL--done loading
DEBUG:root:ZJL--2018-05-03 13-50-50 is in processing
DEBUG:root:ZJL--done loading
DEBUG:root:ZJL--2018-05-03 13-52-02 is in processing
DEBUG:root:ZJL--done loading
DEBUG:root:ZJL--2018-05-03 13-53-14 is in processing
DEBUG:root:ZJL--done loading
DEBUG:root:ZJL--2018-05-03 13-54-26 is in processing
DEBUG:root:ZJL--done loading
DEBUG:root:ZJL--2018-05-03 13-55-39 is in processing
DEBUG:root:ZJL--done loading
DEBUG:root:ZJL--2018-05-03 13-56-51 is in processing
DEBUG:root:ZJL--done loading
DEBUG:root:ZJL--2018-05-03 13-58-04 is in processing
DEBUG:root:ZJL--done loading
DEBUG:root:ZJL--2018-05-03 13-59-16 is in processing
DEBUG:root:ZJL--done loading
DEBUG:root:ZJL--2018-05-03 14-00-28 is in processing
DEBUG:root:ZJL--done loading
DEBUG:root:ZJL--2018-05-03 14-01-41 is in processing
DEBUG:root:ZJL--done loading
DEBUG:root:ZJL--2018-05-03 14-02-53 is in processing
DEBUG:root:ZJL--done loading
DEBUG:root:ZJL--2018-05-03 14-04-06 is in processing
DEBUG:root:ZJL--done loading
DEBUG:root:ZJL--2018-05-03 14-05-18 is in processing
DEBUG:root:ZJL--done loading
DEBUG:root:ZJL--2018-05-03 14-06-30 is in processing
DEBUG:root:ZJL--done loading
DEBUG:root:ZJL--2018-05-03 14-07-42 is in processing
DEBUG:root:ZJL--done loading
DEBUG:root:ZJL--2018-05-03 14-08-54 is in processing
DEBUG:root:ZJL--done loading
DEBUG:root:ZJL--2018-05-03 14-10-06 is in processing
DEBUG:root:ZJL--done loading
DEBUG:root:ZJL--2018-05-03 14-11-18 is in processing
DEBUG:root:ZJL--done loading
DEBUG:root:ZJL--2018-05-03 14-12-30 is in processing
DEBUG:root:ZJL--done loading
DEBUG:root:ZJL--2018-05-03 14-13-42 is in processing
DEBUG:root:ZJL--done loading
DEBUG:root:ZJL--2018-05-03 14-14-54 is in processing
DEBUG:root:ZJL--done loading
DEBUG:root:ZJL--2018-05-03 14-16-06 is in processing
DEBUG:root:ZJL--done loading
DEBUG:root:ZJL--2018-05-03 14-17-18 is in processing
DEBUG:root:ZJL--done loading
DEBUG:root:ZJL--2018-05-03 14-18-30 is in processing
DEBUG:root:ZJL--done loading
DEBUG:root:ZJL--2018-05-03 14-19-42 is in processing
DEBUG:root:ZJL--done loading
DEBUG:root:ZJL--2018-05-03 14-20-54 is in processing
DEBUG:root:ZJL--done loading
DEBUG:root:ZJL--2018-05-03 14-22-06 is in processing
DEBUG:root:ZJL--done loading
DEBUG:root:ZJL--2018-05-03 14-23-20 is in processing
DEBUG:root:ZJL--done loading
DEBUG:root:ZJL--2018-05-03 14-24-32 is in processing
DEBUG:root:ZJL--done loading
DEBUG:root:ZJL--2018-05-03 14-25-44 is in processing
DEBUG:root:ZJL--done loading
DEBUG:root:ZJL--2018-05-03 14-26-56 is in processing
DEBUG:root:ZJL--done loading
DEBUG:root:ZJL--2018-05-03 14-28-08 is in processing
DEBUG:root:ZJL--done loading
DEBUG:root:ZJL--2018-05-03 14-29-20 is in processing
DEBUG:root:ZJL--done loading
DEBUG:root:ZJL--2018-05-03 14-30-32 is in processing
DEBUG:root:ZJL--done loading
DEBUG:root:ZJL--2018-05-03 14-31-45 is in processing
DEBUG:root:ZJL--done loading
DEBUG:root:ZJL--2018-05-03 14-33-00 is in processing
DEBUG:root:ZJL--done loading
DEBUG:root:ZJL--2018-05-03 14-34-12 is in processing
DEBUG:root:ZJL--done loading
DEBUG:root:ZJL--2018-05-03 14-35-24 is in processing
DEBUG:root:ZJL--done loading
DEBUG:root:ZJL--2018-05-03 14-36-36 is in processing
DEBUG:root:ZJL--done loading
DEBUG:root:ZJL--2018-05-03 14-37-48 is in processing
DEBUG:root:ZJL--done loading
DEBUG:root:ZJL--2018-05-03 14-39-00 is in processing
DEBUG:root:ZJL--done loading
DEBUG:root:ZJL--2018-05-03 14-40-12 is in processing
DEBUG:root:ZJL--done loading
DEBUG:root:ZJL--2018-05-03 14-41-24 is in processing
DEBUG:root:ZJL--done loading
DEBUG:root:ZJL--2018-05-03 14-42-36 is in processing
DEBUG:root:ZJL--done loading
DEBUG:root:ZJL--2018-05-03 14-43-49 is in processing
DEBUG:root:ZJL--done loading
DEBUG:root:ZJL--2018-05-03 14-45-02 is in processing
DEBUG:root:ZJL--done loading
DEBUG:root:ZJL--2018-05-03 14-46-14 is in processing
DEBUG:root:ZJL--done loading
DEBUG:root:ZJL--2018-05-03 14-47-26 is in processing
DEBUG:root:ZJL--done loading
DEBUG:root:ZJL--2018-05-03 14-48-38 is in processing
DEBUG:root:ZJL--done loading
DEBUG:root:ZJL--2018-05-03 14-49-50 is in processing
DEBUG:root:ZJL--done loading
DEBUG:root:ZJL--2018-05-03 14-51-02 is in processing
DEBUG:root:ZJL--done loading
DEBUG:root:ZJL--2018-05-03 14-52-14 is in processing
DEBUG:root:ZJL--done loading
DEBUG:root:ZJL--2018-05-03 14-53-26 is in processing
DEBUG:root:ZJL--done loading
DEBUG:root:ZJL--2018-05-03 14-54-39 is in processing
DEBUG:root:ZJL--done loading
DEBUG:root:ZJL--2018-05-03 14-55-51 is in processing
DEBUG:root:ZJL--done loading
DEBUG:root:ZJL--2018-05-03 14-57-03 is in processing
DEBUG:root:ZJL--done loading
DEBUG:root:ZJL--2018-05-03 14-58-15 is in processing
DEBUG:root:ZJL--done loading
DEBUG:root:ZJL--2018-05-03 14-59-27 is in processing
DEBUG:root:ZJL--done loading
DEBUG:root:ZJL--2018-05-03 15-00-40 is in processing
DEBUG:root:ZJL--done loading
DEBUG:root:ZJL--2018-05-04 09-30-17 is in processing
DEBUG:root:ZJL--Connection to database has been lost
DEBUG:root:ZJL--reconnected to database
DEBUG:root:ZJL--done loading
DEBUG:root:ZJL--2018-05-04 09-31-30 is in processing
DEBUG:root:ZJL--done loading
DEBUG:root:ZJL--2018-05-04 09-32-42 is in processing
DEBUG:root:ZJL--done loading
DEBUG:root:ZJL--2018-05-04 09-33-54 is in processing
DEBUG:root:ZJL--done loading
DEBUG:root:ZJL--2018-05-04 09-35-06 is in processing
DEBUG:root:ZJL--done loading
DEBUG:root:ZJL--2018-05-04 09-36-18 is in processing
DEBUG:root:ZJL--done loading
DEBUG:root:ZJL--2018-05-04 09-37-30 is in processing
DEBUG:root:ZJL--done loading
DEBUG:root:ZJL--2018-05-04 09-38-43 is in processing
DEBUG:root:ZJL--done loading
DEBUG:root:ZJL--2018-05-04 09-39-55 is in processing
DEBUG:root:ZJL--done loading
DEBUG:root:ZJL--2018-05-04 09-41-07 is in processing
DEBUG:root:ZJL--done loading
DEBUG:root:ZJL--2018-05-04 09-42-19 is in processing
DEBUG:root:ZJL--done loading
DEBUG:root:ZJL--2018-05-04 09-43-32 is in processing
DEBUG:root:ZJL--done loading
DEBUG:root:ZJL--2018-05-04 09-44-44 is in processing
DEBUG:root:ZJL--done loading
DEBUG:root:ZJL--2018-05-04 09-45-56 is in processing
DEBUG:root:ZJL--done loading
DEBUG:root:ZJL--2018-05-04 09-47-08 is in processing
DEBUG:root:ZJL--done loading
DEBUG:root:ZJL--2018-05-04 09-48-20 is in processing
DEBUG:root:ZJL--done loading
DEBUG:root:ZJL--2018-05-04 09-49-32 is in processing
DEBUG:root:ZJL--done loading
DEBUG:root:ZJL--2018-05-04 09-50-45 is in processing
DEBUG:root:ZJL--done loading
DEBUG:root:ZJL--2018-05-04 09-51-57 is in processing
DEBUG:root:ZJL--done loading
DEBUG:root:ZJL--2018-05-04 09-53-09 is in processing
DEBUG:root:ZJL--done loading
DEBUG:root:ZJL--2018-05-04 09-54-21 is in processing
DEBUG:root:ZJL--done loading
DEBUG:root:ZJL--2018-05-04 09-55-33 is in processing
DEBUG:root:ZJL--done loading
DEBUG:root:ZJL--2018-05-04 09-56-45 is in processing
DEBUG:root:ZJL--done loading
DEBUG:root:ZJL--2018-05-04 09-57-57 is in processing
DEBUG:root:ZJL--done loading
DEBUG:root:ZJL--2018-05-04 09-59-09 is in processing
DEBUG:root:ZJL--done loading
DEBUG:root:ZJL--2018-05-04 10-00-21 is in processing
DEBUG:root:ZJL--done loading
DEBUG:root:ZJL--2018-05-04 10-01-33 is in processing
DEBUG:root:ZJL--done loading
DEBUG:root:ZJL--2018-05-04 10-02-46 is in processing
DEBUG:root:ZJL--done loading
DEBUG:root:ZJL--2018-05-04 10-03-58 is in processing
DEBUG:root:ZJL--done loading
DEBUG:root:ZJL--2018-05-04 10-05-10 is in processing
DEBUG:root:ZJL--done loading
DEBUG:root:ZJL--2018-05-04 10-06-22 is in processing
DEBUG:root:ZJL--done loading
DEBUG:root:ZJL--2018-05-04 10-07-34 is in processing
DEBUG:root:ZJL--done loading
DEBUG:root:ZJL--2018-05-04 10-08-46 is in processing
DEBUG:root:ZJL--done loading
DEBUG:root:ZJL--2018-05-04 10-09-58 is in processing
DEBUG:root:ZJL--done loading
DEBUG:root:ZJL--2018-05-04 10-11-10 is in processing
DEBUG:root:ZJL--done loading
DEBUG:root:ZJL--2018-05-04 10-12-22 is in processing
DEBUG:root:ZJL--done loading
DEBUG:root:ZJL--2018-05-04 10-13-34 is in processing
DEBUG:root:ZJL--done loading
DEBUG:root:ZJL--2018-05-04 10-14-46 is in processing
DEBUG:root:ZJL--done loading
DEBUG:root:ZJL--2018-05-04 10-15-58 is in processing
DEBUG:root:ZJL--done loading
DEBUG:root:ZJL--2018-05-04 10-17-10 is in processing
DEBUG:root:ZJL--done loading
DEBUG:root:ZJL--2018-05-04 10-18-22 is in processing
DEBUG:root:ZJL--done loading
DEBUG:root:ZJL--2018-05-04 10-19-34 is in processing
DEBUG:root:ZJL--done loading
DEBUG:root:ZJL--2018-05-04 10-20-46 is in processing
DEBUG:root:ZJL--done loading
DEBUG:root:ZJL--2018-05-04 10-21-58 is in processing
DEBUG:root:ZJL--done loading
DEBUG:root:ZJL--2018-05-04 10-23-10 is in processing
DEBUG:root:ZJL--done loading
DEBUG:root:ZJL--2018-05-04 10-24-23 is in processing
DEBUG:root:ZJL--done loading
DEBUG:root:ZJL--2018-05-04 10-25-35 is in processing
DEBUG:root:ZJL--done loading
DEBUG:root:ZJL--2018-05-04 10-26-47 is in processing
DEBUG:root:ZJL--done loading
DEBUG:root:ZJL--2018-05-04 10-28-00 is in processing
DEBUG:root:ZJL--done loading
DEBUG:root:ZJL--2018-05-04 10-29-13 is in processing
DEBUG:root:ZJL--done loading
DEBUG:root:ZJL--2018-05-04 10-30-25 is in processing
DEBUG:root:ZJL--done loading
DEBUG:root:ZJL--2018-05-04 10-31-38 is in processing
DEBUG:root:ZJL--done loading
DEBUG:root:ZJL--2018-05-04 10-32-50 is in processing
DEBUG:root:ZJL--done loading
DEBUG:root:ZJL--2018-05-04 10-34-02 is in processing
DEBUG:root:ZJL--done loading
DEBUG:root:ZJL--2018-05-04 10-35-14 is in processing
DEBUG:root:ZJL--done loading
DEBUG:root:ZJL--2018-05-04 10-36-26 is in processing
DEBUG:root:ZJL--done loading
DEBUG:root:ZJL--2018-05-04 10-37-41 is in processing
DEBUG:root:ZJL--done loading
DEBUG:root:ZJL--2018-05-04 10-38-53 is in processing
DEBUG:root:ZJL--done loading
DEBUG:root:ZJL--2018-05-04 10-40-06 is in processing
DEBUG:root:ZJL--done loading
DEBUG:root:ZJL--2018-05-04 10-41-18 is in processing
DEBUG:root:ZJL--done loading
DEBUG:root:ZJL--2018-05-04 10-42-30 is in processing
DEBUG:root:ZJL--done loading
DEBUG:root:ZJL--2018-05-04 10-43-42 is in processing
DEBUG:root:ZJL--done loading
DEBUG:root:ZJL--2018-05-04 10-44-54 is in processing
DEBUG:root:ZJL--done loading
DEBUG:root:ZJL--2018-05-04 10-46-06 is in processing
DEBUG:root:ZJL--done loading
DEBUG:root:ZJL--2018-05-04 10-47-21 is in processing
DEBUG:root:ZJL--done loading
DEBUG:root:ZJL--2018-05-04 10-48-33 is in processing
DEBUG:root:ZJL--done loading
DEBUG:root:ZJL--2018-05-04 10-49-45 is in processing
DEBUG:root:ZJL--done loading
DEBUG:root:ZJL--2018-05-04 10-50-58 is in processing
DEBUG:root:ZJL--done loading
DEBUG:root:ZJL--2018-05-04 10-52-10 is in processing
DEBUG:root:ZJL--done loading
DEBUG:root:ZJL--2018-05-04 10-53-22 is in processing
DEBUG:root:ZJL--done loading
DEBUG:root:ZJL--2018-05-04 10-54-34 is in processing
DEBUG:root:ZJL--done loading
DEBUG:root:ZJL--2018-05-04 10-55-46 is in processing
DEBUG:root:ZJL--done loading
DEBUG:root:ZJL--2018-05-04 10-56-58 is in processing
DEBUG:root:ZJL--done loading
DEBUG:root:ZJL--2018-05-04 10-58-10 is in processing
DEBUG:root:ZJL--done loading
DEBUG:root:ZJL--2018-05-04 10-59-22 is in processing
DEBUG:root:ZJL--done loading
DEBUG:root:ZJL--2018-05-04 11-00-34 is in processing
DEBUG:root:ZJL--done loading
DEBUG:root:ZJL--2018-05-04 11-01-46 is in processing
DEBUG:root:ZJL--done loading
DEBUG:root:ZJL--2018-05-04 11-02-58 is in processing
DEBUG:root:ZJL--done loading
DEBUG:root:ZJL--2018-05-04 11-04-10 is in processing
DEBUG:root:ZJL--done loading
DEBUG:root:ZJL--2018-05-04 11-05-22 is in processing
DEBUG:root:ZJL--done loading
DEBUG:root:ZJL--2018-05-04 11-06-34 is in processing
DEBUG:root:ZJL--done loading
DEBUG:root:ZJL--2018-05-04 11-07-46 is in processing
DEBUG:root:ZJL--done loading
DEBUG:root:ZJL--2018-05-04 11-08-59 is in processing
DEBUG:root:ZJL--done loading
DEBUG:root:ZJL--2018-05-04 11-10-11 is in processing
DEBUG:root:ZJL--done loading
DEBUG:root:ZJL--2018-05-04 11-11-23 is in processing
DEBUG:root:ZJL--done loading
DEBUG:root:ZJL--2018-05-04 11-12-35 is in processing
DEBUG:root:ZJL--done loading
DEBUG:root:ZJL--2018-05-04 11-13-48 is in processing
DEBUG:root:ZJL--done loading
DEBUG:root:ZJL--2018-05-04 11-15-00 is in processing
DEBUG:root:ZJL--done loading
DEBUG:root:ZJL--2018-05-04 11-16-12 is in processing
DEBUG:root:ZJL--done loading
DEBUG:root:ZJL--2018-05-04 11-17-24 is in processing
DEBUG:root:ZJL--done loading
DEBUG:root:ZJL--2018-05-04 11-18-36 is in processing
DEBUG:root:ZJL--done loading
DEBUG:root:ZJL--2018-05-04 11-19-50 is in processing
DEBUG:root:ZJL--done loading
DEBUG:root:ZJL--2018-05-04 11-21-02 is in processing
DEBUG:root:ZJL--done loading
DEBUG:root:ZJL--2018-05-04 11-22-14 is in processing
DEBUG:root:ZJL--done loading
DEBUG:root:ZJL--2018-05-04 11-23-26 is in processing
DEBUG:root:ZJL--done loading
DEBUG:root:ZJL--2018-05-04 11-24-38 is in processing
DEBUG:root:ZJL--done loading
DEBUG:root:ZJL--2018-05-04 11-25-50 is in processing
DEBUG:root:ZJL--done loading
DEBUG:root:ZJL--2018-05-04 11-27-02 is in processing
DEBUG:root:ZJL--done loading
DEBUG:root:ZJL--2018-05-04 11-28-27 is in processing
DEBUG:root:ZJL--done loading
DEBUG:root:ZJL--2018-05-04 11-29-39 is in processing
DEBUG:root:ZJL--done loading
DEBUG:root:ZJL--2018-05-04 11-30-51 is in processing
DEBUG:root:ZJL--done loading
DEBUG:root:ZJL--2018-05-04 13-00-03 is in processing
DEBUG:root:ZJL--Connection to database has been lost
DEBUG:root:ZJL--reconnected to database
DEBUG:root:ZJL--done loading
DEBUG:root:ZJL--2018-05-04 13-01-16 is in processing
DEBUG:root:ZJL--done loading
DEBUG:root:ZJL--2018-05-04 13-02-29 is in processing
DEBUG:root:ZJL--done loading
DEBUG:root:ZJL--2018-05-04 13-03-43 is in processing
DEBUG:root:ZJL--done loading
DEBUG:root:ZJL--2018-05-04 13-04-58 is in processing
DEBUG:root:ZJL--done loading
DEBUG:root:ZJL--2018-05-04 13-06-10 is in processing
DEBUG:root:ZJL--done loading
DEBUG:root:ZJL--2018-05-04 13-07-22 is in processing
DEBUG:root:ZJL--done loading
DEBUG:root:ZJL--2018-05-04 13-08-34 is in processing
DEBUG:root:ZJL--done loading
DEBUG:root:ZJL--2018-05-04 13-09-46 is in processing
DEBUG:root:ZJL--done loading
DEBUG:root:ZJL--2018-05-04 13-10-58 is in processing
DEBUG:root:ZJL--done loading
DEBUG:root:ZJL--2018-05-04 13-12-10 is in processing
DEBUG:root:ZJL--done loading
DEBUG:root:ZJL--2018-05-04 13-13-22 is in processing
DEBUG:root:ZJL--done loading
DEBUG:root:ZJL--2018-05-04 13-14-34 is in processing
DEBUG:root:ZJL--done loading
DEBUG:root:ZJL--2018-05-04 13-15-46 is in processing
DEBUG:root:ZJL--done loading
DEBUG:root:ZJL--2018-05-04 13-16-58 is in processing
DEBUG:root:ZJL--done loading
DEBUG:root:ZJL--2018-05-04 13-18-10 is in processing
DEBUG:root:ZJL--done loading
DEBUG:root:ZJL--2018-05-04 13-19-22 is in processing
DEBUG:root:ZJL--done loading
DEBUG:root:ZJL--2018-05-04 13-20-34 is in processing
DEBUG:root:ZJL--done loading
DEBUG:root:ZJL--2018-05-04 13-21-46 is in processing
DEBUG:root:ZJL--done loading
DEBUG:root:ZJL--2018-05-04 13-22-58 is in processing
DEBUG:root:ZJL--done loading
DEBUG:root:ZJL--2018-05-04 13-24-11 is in processing
DEBUG:root:ZJL--done loading
DEBUG:root:ZJL--2018-05-04 13-25-24 is in processing
DEBUG:root:ZJL--done loading
DEBUG:root:ZJL--2018-05-04 13-26-39 is in processing
DEBUG:root:ZJL--done loading
DEBUG:root:ZJL--2018-05-04 13-27-51 is in processing
DEBUG:root:ZJL--done loading
DEBUG:root:ZJL--2018-05-04 13-29-03 is in processing
DEBUG:root:ZJL--done loading
DEBUG:root:ZJL--2018-05-04 13-30-15 is in processing
DEBUG:root:ZJL--done loading
DEBUG:root:ZJL--2018-05-04 13-31-27 is in processing
DEBUG:root:ZJL--done loading
DEBUG:root:ZJL--2018-05-04 13-32-39 is in processing
DEBUG:root:ZJL--done loading
DEBUG:root:ZJL--2018-05-04 13-33-51 is in processing
DEBUG:root:ZJL--done loading
DEBUG:root:ZJL--2018-05-04 13-35-04 is in processing
DEBUG:root:ZJL--done loading
DEBUG:root:ZJL--2018-05-04 13-36-16 is in processing
DEBUG:root:ZJL--done loading
DEBUG:root:ZJL--2018-05-04 13-37-28 is in processing
DEBUG:root:ZJL--done loading
DEBUG:root:ZJL--2018-05-04 13-38-40 is in processing
DEBUG:root:ZJL--done loading
DEBUG:root:ZJL--2018-05-04 13-39-52 is in processing
DEBUG:root:ZJL--done loading
DEBUG:root:ZJL--2018-05-04 13-41-04 is in processing
DEBUG:root:ZJL--done loading
DEBUG:root:ZJL--2018-05-04 13-42-16 is in processing
DEBUG:root:ZJL--done loading
DEBUG:root:ZJL--2018-05-04 13-43-29 is in processing
DEBUG:root:ZJL--done loading
DEBUG:root:ZJL--2018-05-04 13-44-44 is in processing
DEBUG:root:ZJL--done loading
DEBUG:root:ZJL--2018-05-04 13-45-56 is in processing
DEBUG:root:ZJL--done loading
DEBUG:root:ZJL--2018-05-04 13-47-09 is in processing
DEBUG:root:ZJL--done loading
DEBUG:root:ZJL--2018-05-04 13-48-21 is in processing
DEBUG:root:ZJL--done loading
DEBUG:root:ZJL--2018-05-04 13-49-33 is in processing
DEBUG:root:ZJL--done loading
DEBUG:root:ZJL--2018-05-04 13-50-45 is in processing
DEBUG:root:ZJL--done loading
DEBUG:root:ZJL--2018-05-04 13-51-58 is in processing
DEBUG:root:ZJL--done loading
DEBUG:root:ZJL--2018-05-04 13-53-10 is in processing
DEBUG:root:ZJL--done loading
DEBUG:root:ZJL--2018-05-04 13-54-22 is in processing
DEBUG:root:ZJL--done loading
DEBUG:root:ZJL--2018-05-04 13-55-34 is in processing
DEBUG:root:ZJL--done loading
DEBUG:root:ZJL--2018-05-04 13-56-46 is in processing
DEBUG:root:ZJL--done loading
DEBUG:root:ZJL--2018-05-04 13-57-58 is in processing
DEBUG:root:ZJL--done loading
DEBUG:root:ZJL--2018-05-04 13-59-10 is in processing
DEBUG:root:ZJL--done loading
DEBUG:root:ZJL--2018-05-04 14-00-22 is in processing
DEBUG:root:ZJL--done loading
DEBUG:root:ZJL--2018-05-04 14-01-34 is in processing
DEBUG:root:ZJL--done loading
DEBUG:root:ZJL--2018-05-04 14-02-46 is in processing
DEBUG:root:ZJL--done loading
DEBUG:root:ZJL--2018-05-04 14-03-58 is in processing
DEBUG:root:ZJL--done loading
DEBUG:root:ZJL--2018-05-04 14-05-13 is in processing
DEBUG:root:ZJL--done loading
DEBUG:root:ZJL--2018-05-04 14-06-26 is in processing
DEBUG:root:ZJL--done loading
DEBUG:root:ZJL--2018-05-04 14-07-39 is in processing
DEBUG:root:ZJL--done loading
DEBUG:root:ZJL--2018-05-04 14-08-51 is in processing
DEBUG:root:ZJL--done loading
DEBUG:root:ZJL--2018-05-04 14-10-03 is in processing
DEBUG:root:ZJL--done loading
DEBUG:root:ZJL--2018-05-04 14-11-15 is in processing
DEBUG:root:ZJL--done loading
DEBUG:root:ZJL--2018-05-04 14-12-27 is in processing
DEBUG:root:ZJL--done loading
DEBUG:root:ZJL--2018-05-04 14-13-39 is in processing
DEBUG:root:ZJL--done loading
DEBUG:root:ZJL--2018-05-04 14-14-51 is in processing
DEBUG:root:ZJL--done loading
DEBUG:root:ZJL--2018-05-04 14-16-04 is in processing
DEBUG:root:ZJL--done loading
DEBUG:root:ZJL--2018-05-04 14-17-16 is in processing
DEBUG:root:ZJL--done loading
DEBUG:root:ZJL--2018-05-04 14-18-28 is in processing
DEBUG:root:ZJL--done loading
DEBUG:root:ZJL--2018-05-04 14-19-40 is in processing
DEBUG:root:ZJL--done loading
DEBUG:root:ZJL--2018-05-04 14-20-52 is in processing
DEBUG:root:ZJL--done loading
DEBUG:root:ZJL--2018-05-04 14-22-05 is in processing
DEBUG:root:ZJL--done loading
DEBUG:root:ZJL--2018-05-04 14-23-17 is in processing
DEBUG:root:ZJL--done loading
DEBUG:root:ZJL--2018-05-04 14-24-29 is in processing
DEBUG:root:ZJL--done loading
DEBUG:root:ZJL--2018-05-04 14-25-41 is in processing
DEBUG:root:ZJL--done loading
DEBUG:root:ZJL--2018-05-04 14-26-53 is in processing
DEBUG:root:ZJL--done loading
DEBUG:root:ZJL--2018-05-04 14-28-05 is in processing
DEBUG:root:ZJL--done loading
DEBUG:root:ZJL--2018-05-04 14-29-17 is in processing
DEBUG:root:ZJL--done loading
DEBUG:root:ZJL--2018-05-04 14-30-30 is in processing
DEBUG:root:ZJL--done loading
DEBUG:root:ZJL--2018-05-04 14-31-42 is in processing
DEBUG:root:ZJL--done loading
DEBUG:root:ZJL--2018-05-04 14-32-54 is in processing
DEBUG:root:ZJL--done loading
DEBUG:root:ZJL--2018-05-04 14-34-06 is in processing
DEBUG:root:ZJL--done loading
DEBUG:root:ZJL--2018-05-04 14-35-18 is in processing
DEBUG:root:ZJL--done loading
DEBUG:root:ZJL--2018-05-04 14-36-30 is in processing
DEBUG:root:ZJL--done loading
DEBUG:root:ZJL--2018-05-04 14-37-42 is in processing
DEBUG:root:ZJL--done loading
DEBUG:root:ZJL--2018-05-04 14-38-56 is in processing
DEBUG:root:ZJL--done loading
DEBUG:root:ZJL--2018-05-04 14-40-09 is in processing
DEBUG:root:ZJL--done loading
DEBUG:root:ZJL--2018-05-04 14-41-21 is in processing
DEBUG:root:ZJL--done loading
DEBUG:root:ZJL--2018-05-04 14-42-33 is in processing
DEBUG:root:ZJL--done loading
DEBUG:root:ZJL--2018-05-04 14-43-45 is in processing
DEBUG:root:ZJL--done loading
DEBUG:root:ZJL--2018-05-04 14-44-57 is in processing
DEBUG:root:ZJL--done loading
DEBUG:root:ZJL--2018-05-04 14-46-09 is in processing
DEBUG:root:ZJL--done loading
DEBUG:root:ZJL--2018-05-04 14-47-21 is in processing
DEBUG:root:ZJL--done loading
DEBUG:root:ZJL--2018-05-04 14-48-33 is in processing
DEBUG:root:ZJL--done loading
DEBUG:root:ZJL--2018-05-04 14-49-45 is in processing
DEBUG:root:ZJL--done loading
DEBUG:root:ZJL--2018-05-04 14-50-57 is in processing
DEBUG:root:ZJL--done loading
DEBUG:root:ZJL--2018-05-04 14-52-10 is in processing
DEBUG:root:ZJL--done loading
DEBUG:root:ZJL--2018-05-04 14-53-22 is in processing
DEBUG:root:ZJL--done loading
DEBUG:root:ZJL--2018-05-04 14-54-34 is in processing
DEBUG:root:ZJL--done loading
DEBUG:root:ZJL--2018-05-04 14-55-46 is in processing
DEBUG:root:ZJL--done loading
DEBUG:root:ZJL--2018-05-04 14-56-58 is in processing
DEBUG:root:ZJL--done loading
DEBUG:root:ZJL--2018-05-04 14-58-10 is in processing
DEBUG:root:ZJL--done loading
DEBUG:root:ZJL--2018-05-04 14-59-22 is in processing
DEBUG:root:ZJL--done loading
DEBUG:root:ZJL--2018-05-04 15-00-34 is in processing
DEBUG:root:ZJL--done loading
DEBUG:root:ZJL--2018-05-07 09-30-42 is in processing
DEBUG:root:ZJL--Connection to database has been lost
DEBUG:root:ZJL--reconnected to database
DEBUG:root:ZJL--done loading
DEBUG:root:ZJL--2018-05-07 09-31-55 is in processing
DEBUG:root:ZJL--done loading
DEBUG:root:ZJL--2018-05-07 09-33-07 is in processing
DEBUG:root:ZJL--done loading
DEBUG:root:ZJL--2018-05-07 09-34-19 is in processing
DEBUG:root:ZJL--done loading
DEBUG:root:ZJL--2018-05-07 09-35-32 is in processing
DEBUG:root:ZJL--done loading
DEBUG:root:ZJL--2018-05-07 09-36-44 is in processing
DEBUG:root:ZJL--done loading
DEBUG:root:ZJL--2018-05-07 09-37-57 is in processing
DEBUG:root:ZJL--done loading
DEBUG:root:ZJL--2018-05-07 09-39-10 is in processing
DEBUG:root:ZJL--done loading
DEBUG:root:ZJL--2018-05-07 09-40-22 is in processing
DEBUG:root:ZJL--done loading
DEBUG:root:ZJL--2018-05-07 09-41-37 is in processing
DEBUG:root:ZJL--done loading
DEBUG:root:ZJL--2018-05-07 09-42-49 is in processing
DEBUG:root:ZJL--done loading
DEBUG:root:ZJL--2018-05-07 09-44-01 is in processing
DEBUG:root:ZJL--done loading
DEBUG:root:ZJL--2018-05-07 09-45-15 is in processing
DEBUG:root:ZJL--done loading
DEBUG:root:ZJL--2018-05-07 09-46-28 is in processing
DEBUG:root:ZJL--done loading
DEBUG:root:ZJL--2018-05-07 09-47-40 is in processing
DEBUG:root:ZJL--done loading
DEBUG:root:ZJL--2018-05-07 09-48-54 is in processing
DEBUG:root:ZJL--done loading
DEBUG:root:ZJL--2018-05-07 09-50-06 is in processing
DEBUG:root:ZJL--done loading
DEBUG:root:ZJL--2018-05-07 09-51-18 is in processing
DEBUG:root:ZJL--done loading
DEBUG:root:ZJL--2018-05-07 09-52-30 is in processing
DEBUG:root:ZJL--done loading
DEBUG:root:ZJL--2018-05-07 09-53-42 is in processing
DEBUG:root:ZJL--done loading
DEBUG:root:ZJL--2018-05-07 09-54-54 is in processing
DEBUG:root:ZJL--done loading
DEBUG:root:ZJL--2018-05-07 09-56-06 is in processing
DEBUG:root:ZJL--done loading
DEBUG:root:ZJL--2018-05-07 09-57-18 is in processing
DEBUG:root:ZJL--done loading
DEBUG:root:ZJL--2018-05-07 09-58-30 is in processing
DEBUG:root:ZJL--done loading
DEBUG:root:ZJL--2018-05-07 09-59-42 is in processing
DEBUG:root:ZJL--done loading
DEBUG:root:ZJL--2018-05-07 10-00-54 is in processing
DEBUG:root:ZJL--done loading
DEBUG:root:ZJL--2018-05-07 10-02-06 is in processing
DEBUG:root:ZJL--done loading
DEBUG:root:ZJL--2018-05-07 10-03-18 is in processing
DEBUG:root:ZJL--done loading
DEBUG:root:ZJL--2018-05-07 10-04-30 is in processing
DEBUG:root:ZJL--done loading
DEBUG:root:ZJL--2018-05-07 10-05-42 is in processing
DEBUG:root:ZJL--done loading
DEBUG:root:ZJL--2018-05-07 10-06-54 is in processing
DEBUG:root:ZJL--done loading
DEBUG:root:ZJL--2018-05-07 10-08-06 is in processing
DEBUG:root:ZJL--done loading
DEBUG:root:ZJL--2018-05-07 10-09-19 is in processing
DEBUG:root:ZJL--done loading
DEBUG:root:ZJL--2018-05-07 10-10-32 is in processing
DEBUG:root:ZJL--done loading
DEBUG:root:ZJL--2018-05-07 10-11-44 is in processing
DEBUG:root:ZJL--done loading
DEBUG:root:ZJL--2018-05-07 10-12-56 is in processing
DEBUG:root:ZJL--done loading
DEBUG:root:ZJL--2018-05-07 10-14-08 is in processing
DEBUG:root:ZJL--done loading
DEBUG:root:ZJL--2018-05-07 10-15-20 is in processing
DEBUG:root:ZJL--done loading
DEBUG:root:ZJL--2018-05-07 10-16-32 is in processing
DEBUG:root:ZJL--done loading
DEBUG:root:ZJL--2018-05-07 10-17-44 is in processing
DEBUG:root:ZJL--done loading
DEBUG:root:ZJL--2018-05-07 10-18-56 is in processing
DEBUG:root:ZJL--done loading
DEBUG:root:ZJL--2018-05-07 10-20-09 is in processing
DEBUG:root:ZJL--done loading
DEBUG:root:ZJL--2018-05-07 10-21-21 is in processing
DEBUG:root:ZJL--done loading
DEBUG:root:ZJL--2018-05-07 10-22-37 is in processing
DEBUG:root:ZJL--done loading
DEBUG:root:ZJL--2018-05-07 10-23-49 is in processing
DEBUG:root:ZJL--done loading
DEBUG:root:ZJL--2018-05-07 10-25-02 is in processing
DEBUG:root:ZJL--done loading
DEBUG:root:ZJL--2018-05-07 10-26-14 is in processing
DEBUG:root:ZJL--done loading
DEBUG:root:ZJL--2018-05-07 10-27-26 is in processing
DEBUG:root:ZJL--done loading
DEBUG:root:ZJL--2018-05-07 10-28-38 is in processing
DEBUG:root:ZJL--done loading
DEBUG:root:ZJL--2018-05-07 10-29-50 is in processing
DEBUG:root:ZJL--done loading
DEBUG:root:ZJL--2018-05-07 10-31-02 is in processing
DEBUG:root:ZJL--done loading
DEBUG:root:ZJL--2018-05-07 10-32-14 is in processing
DEBUG:root:ZJL--done loading
DEBUG:root:ZJL--2018-05-07 10-33-27 is in processing
DEBUG:root:ZJL--done loading
DEBUG:root:ZJL--2018-05-07 10-34-39 is in processing
DEBUG:root:ZJL--done loading
DEBUG:root:ZJL--2018-05-07 10-35-54 is in processing
DEBUG:root:ZJL--done loading
DEBUG:root:ZJL--2018-05-07 10-37-07 is in processing
DEBUG:root:ZJL--done loading
DEBUG:root:ZJL--2018-05-07 10-38-20 is in processing
DEBUG:root:ZJL--done loading
DEBUG:root:ZJL--2018-05-07 10-39-32 is in processing
DEBUG:root:ZJL--done loading
DEBUG:root:ZJL--2018-05-07 10-40-44 is in processing
DEBUG:root:ZJL--done loading
DEBUG:root:ZJL--2018-05-07 10-41-56 is in processing
DEBUG:root:ZJL--done loading
DEBUG:root:ZJL--2018-05-07 10-43-08 is in processing
DEBUG:root:ZJL--done loading
DEBUG:root:ZJL--2018-05-07 10-44-20 is in processing
DEBUG:root:ZJL--done loading
DEBUG:root:ZJL--2018-05-07 10-45-32 is in processing
DEBUG:root:ZJL--done loading
DEBUG:root:ZJL--2018-05-07 10-46-44 is in processing
DEBUG:root:ZJL--done loading
DEBUG:root:ZJL--2018-05-07 10-47-56 is in processing
DEBUG:root:ZJL--done loading
DEBUG:root:ZJL--2018-05-07 10-49-08 is in processing
DEBUG:root:ZJL--done loading
DEBUG:root:ZJL--2018-05-07 10-50-20 is in processing
DEBUG:root:ZJL--done loading
DEBUG:root:ZJL--2018-05-07 10-51-32 is in processing
DEBUG:root:ZJL--done loading
DEBUG:root:ZJL--2018-05-07 10-52-44 is in processing
DEBUG:root:ZJL--done loading
DEBUG:root:ZJL--2018-05-07 10-53-56 is in processing
DEBUG:root:ZJL--done loading
DEBUG:root:ZJL--2018-05-07 10-55-09 is in processing
DEBUG:root:ZJL--done loading
DEBUG:root:ZJL--2018-05-07 10-56-21 is in processing
DEBUG:root:ZJL--done loading
DEBUG:root:ZJL--2018-05-07 10-57-33 is in processing
DEBUG:root:ZJL--done loading
DEBUG:root:ZJL--2018-05-07 10-58-45 is in processing
DEBUG:root:ZJL--done loading
DEBUG:root:ZJL--2018-05-07 11-00-00 is in processing
DEBUG:root:ZJL--done loading
DEBUG:root:ZJL--2018-05-07 11-01-12 is in processing
DEBUG:root:ZJL--done loading
DEBUG:root:ZJL--2018-05-07 11-02-24 is in processing
DEBUG:root:ZJL--done loading
DEBUG:root:ZJL--2018-05-07 11-03-36 is in processing
DEBUG:root:ZJL--done loading
DEBUG:root:ZJL--2018-05-07 11-04-48 is in processing
DEBUG:root:ZJL--done loading
DEBUG:root:ZJL--2018-05-07 11-06-00 is in processing
DEBUG:root:ZJL--done loading
DEBUG:root:ZJL--2018-05-07 11-07-12 is in processing
DEBUG:root:ZJL--done loading
DEBUG:root:ZJL--2018-05-07 11-08-24 is in processing
DEBUG:root:ZJL--done loading
DEBUG:root:ZJL--2018-05-07 11-09-36 is in processing
DEBUG:root:ZJL--done loading
DEBUG:root:ZJL--2018-05-07 11-10-48 is in processing
DEBUG:root:ZJL--done loading
